[2025-08-12 07:38:20Z INFO HostContext] No proxy settings were found based on environmental variables (http_proxy/https_proxy/HTTP_PROXY/HTTPS_PROXY)
[2025-08-12 07:38:20Z INFO HostContext] Well known directory 'Bin': 'C:\Users\LENOVO\Desktop\Internship\Task 6\actions-runner\bin'
[2025-08-12 07:38:20Z INFO HostContext] Well known directory 'Root': 'C:\Users\LENOVO\Desktop\Internship\Task 6\actions-runner'
[2025-08-12 07:38:20Z INFO HostContext] Well known config file 'Credentials': 'C:\Users\LENOVO\Desktop\Internship\Task 6\actions-runner\.credentials'
[2025-08-12 07:38:20Z INFO HostContext] Well known directory 'Bin': 'C:\Users\LENOVO\Desktop\Internship\Task 6\actions-runner\bin'
[2025-08-12 07:38:20Z INFO HostContext] Well known directory 'Root': 'C:\Users\LENOVO\Desktop\Internship\Task 6\actions-runner'
[2025-08-12 07:38:20Z INFO HostContext] Well known config file 'Runner': 'C:\Users\LENOVO\Desktop\Internship\Task 6\actions-runner\.runner'
[2025-08-12 07:38:20Z INFO Listener] Runner is built for Windows (X64) - win-x64.
[2025-08-12 07:38:20Z INFO Listener] RuntimeInformation: Microsoft Windows 10.0.26100.
[2025-08-12 07:38:20Z INFO Listener] Version: 2.327.1
[2025-08-12 07:38:20Z INFO Listener] Commit: 9513afd82fbc900d13362cdd4fcdab0538f5124e
[2025-08-12 07:38:20Z INFO Listener] Culture: en-US
[2025-08-12 07:38:20Z INFO Listener] UI Culture: en-US
[2025-08-12 07:38:20Z INFO HostContext] Well known directory 'Bin': 'C:\Users\LENOVO\Desktop\Internship\Task 6\actions-runner\bin'
[2025-08-12 07:38:20Z INFO HostContext] Well known directory 'Root': 'C:\Users\LENOVO\Desktop\Internship\Task 6\actions-runner'
[2025-08-12 07:38:20Z INFO Listener] Validating directory permissions for: 'C:\Users\LENOVO\Desktop\Internship\Task 6\actions-runner'
[2025-08-12 07:38:20Z INFO CommandLineParser] Parse
[2025-08-12 07:38:20Z INFO CommandLineParser] Parsing 11 args
[2025-08-12 07:38:20Z INFO CommandLineParser] parsing argument
[2025-08-12 07:38:20Z INFO CommandLineParser] HasArgs: False
[2025-08-12 07:38:20Z INFO CommandLineParser] Adding Command: configure
[2025-08-12 07:38:20Z INFO CommandLineParser] parsing argument
[2025-08-12 07:38:20Z INFO CommandLineParser] HasArgs: True
[2025-08-12 07:38:20Z INFO CommandLineParser] arg: url
[2025-08-12 07:38:20Z INFO CommandLineParser] parsing argument
[2025-08-12 07:38:20Z INFO CommandLineParser] HasArgs: True
[2025-08-12 07:38:20Z INFO CommandLineParser] Adding option 'url': 'https://github.com/ibrahimgulbutt/ci-cd-testing'
[2025-08-12 07:38:20Z INFO CommandLineParser] parsing argument
[2025-08-12 07:38:20Z INFO CommandLineParser] HasArgs: True
[2025-08-12 07:38:20Z INFO CommandLineParser] arg: token
[2025-08-12 07:38:20Z INFO CommandLineParser] parsing argument
[2025-08-12 07:38:20Z INFO CommandLineParser] HasArgs: True
[2025-08-12 07:38:20Z INFO CommandLineParser] Adding option 'token': '***'
[2025-08-12 07:38:20Z INFO CommandLineParser] parsing argument
[2025-08-12 07:38:20Z INFO CommandLineParser] HasArgs: True
[2025-08-12 07:38:20Z INFO CommandLineParser] arg: runnergroup
[2025-08-12 07:38:20Z INFO CommandLineParser] parsing argument
[2025-08-12 07:38:20Z INFO CommandLineParser] HasArgs: True
[2025-08-12 07:38:20Z INFO CommandLineParser] Adding option 'runnergroup': 'Default'
[2025-08-12 07:38:20Z INFO CommandLineParser] parsing argument
[2025-08-12 07:38:20Z INFO CommandLineParser] HasArgs: True
[2025-08-12 07:38:20Z INFO CommandLineParser] arg: name
[2025-08-12 07:38:20Z INFO CommandLineParser] parsing argument
[2025-08-12 07:38:20Z INFO CommandLineParser] HasArgs: True
[2025-08-12 07:38:20Z INFO CommandLineParser] Adding option 'name': 'minikube-runner'
[2025-08-12 07:38:20Z INFO CommandLineParser] parsing argument
[2025-08-12 07:38:20Z INFO CommandLineParser] HasArgs: True
[2025-08-12 07:38:20Z INFO CommandLineParser] arg: work
[2025-08-12 07:38:20Z INFO CommandLineParser] parsing argument
[2025-08-12 07:38:20Z INFO CommandLineParser] HasArgs: True
[2025-08-12 07:38:20Z INFO CommandLineParser] Adding option 'work': '_work'
[2025-08-12 07:38:20Z INFO Listener] Arguments parsed
[2025-08-12 07:38:20Z INFO Runner] ExecuteCommand
[2025-08-12 07:38:20Z INFO ConfigurationStore] currentAssemblyLocation: C:\Users\LENOVO\Desktop\Internship\Task 6\actions-runner\bin\Runner.Listener.dll
[2025-08-12 07:38:20Z INFO HostContext] Well known directory 'Bin': 'C:\Users\LENOVO\Desktop\Internship\Task 6\actions-runner\bin'
[2025-08-12 07:38:20Z INFO ConfigurationStore] binPath: C:\Users\LENOVO\Desktop\Internship\Task 6\actions-runner\bin
[2025-08-12 07:38:20Z INFO HostContext] Well known directory 'Bin': 'C:\Users\LENOVO\Desktop\Internship\Task 6\actions-runner\bin'
[2025-08-12 07:38:20Z INFO HostContext] Well known directory 'Root': 'C:\Users\LENOVO\Desktop\Internship\Task 6\actions-runner'
[2025-08-12 07:38:20Z INFO ConfigurationStore] RootFolder: C:\Users\LENOVO\Desktop\Internship\Task 6\actions-runner
[2025-08-12 07:38:20Z INFO HostContext] Well known directory 'Bin': 'C:\Users\LENOVO\Desktop\Internship\Task 6\actions-runner\bin'
[2025-08-12 07:38:20Z INFO HostContext] Well known directory 'Root': 'C:\Users\LENOVO\Desktop\Internship\Task 6\actions-runner'
[2025-08-12 07:38:20Z INFO HostContext] Well known config file 'Runner': 'C:\Users\LENOVO\Desktop\Internship\Task 6\actions-runner\.runner'
[2025-08-12 07:38:20Z INFO ConfigurationStore] ConfigFilePath: C:\Users\LENOVO\Desktop\Internship\Task 6\actions-runner\.runner
[2025-08-12 07:38:20Z INFO HostContext] Well known directory 'Bin': 'C:\Users\LENOVO\Desktop\Internship\Task 6\actions-runner\bin'
[2025-08-12 07:38:20Z INFO HostContext] Well known directory 'Root': 'C:\Users\LENOVO\Desktop\Internship\Task 6\actions-runner'
[2025-08-12 07:38:20Z INFO HostContext] Well known config file 'MigratedRunner': 'C:\Users\LENOVO\Desktop\Internship\Task 6\actions-runner\.runner_migrated'
[2025-08-12 07:38:20Z INFO ConfigurationStore] MigratedConfigFilePath: C:\Users\LENOVO\Desktop\Internship\Task 6\actions-runner\.runner_migrated
[2025-08-12 07:38:20Z INFO HostContext] Well known directory 'Bin': 'C:\Users\LENOVO\Desktop\Internship\Task 6\actions-runner\bin'
[2025-08-12 07:38:20Z INFO HostContext] Well known directory 'Root': 'C:\Users\LENOVO\Desktop\Internship\Task 6\actions-runner'
[2025-08-12 07:38:20Z INFO HostContext] Well known config file 'Credentials': 'C:\Users\LENOVO\Desktop\Internship\Task 6\actions-runner\.credentials'
[2025-08-12 07:38:20Z INFO ConfigurationStore] CredFilePath: C:\Users\LENOVO\Desktop\Internship\Task 6\actions-runner\.credentials
[2025-08-12 07:38:20Z INFO HostContext] Well known directory 'Bin': 'C:\Users\LENOVO\Desktop\Internship\Task 6\actions-runner\bin'
[2025-08-12 07:38:20Z INFO HostContext] Well known directory 'Root': 'C:\Users\LENOVO\Desktop\Internship\Task 6\actions-runner'
[2025-08-12 07:38:20Z INFO HostContext] Well known config file 'MigratedCredentials': 'C:\Users\LENOVO\Desktop\Internship\Task 6\actions-runner\.credentials_migrated'
[2025-08-12 07:38:20Z INFO ConfigurationStore] MigratedCredFilePath: C:\Users\LENOVO\Desktop\Internship\Task 6\actions-runner\.credentials_migrated
[2025-08-12 07:38:20Z INFO HostContext] Well known directory 'Bin': 'C:\Users\LENOVO\Desktop\Internship\Task 6\actions-runner\bin'
[2025-08-12 07:38:20Z INFO HostContext] Well known directory 'Root': 'C:\Users\LENOVO\Desktop\Internship\Task 6\actions-runner'
[2025-08-12 07:38:20Z INFO HostContext] Well known config file 'Service': 'C:\Users\LENOVO\Desktop\Internship\Task 6\actions-runner\.service'
[2025-08-12 07:38:20Z INFO ConfigurationStore] ServiceConfigFilePath: C:\Users\LENOVO\Desktop\Internship\Task 6\actions-runner\.service
[2025-08-12 07:38:20Z INFO CommandSettings] Flag 'help': 'False'
[2025-08-12 07:38:20Z INFO CommandSettings] Flag 'version': 'False'
[2025-08-12 07:38:20Z INFO CommandSettings] Flag 'commit': 'False'
[2025-08-12 07:38:20Z INFO CommandSettings] Flag 'check': 'False'
[2025-08-12 07:38:20Z INFO CommandSettings] Command 'configure': 'True'
[2025-08-12 07:38:20Z INFO Terminal] WRITE LINE: 
[2025-08-12 07:38:20Z INFO Terminal] WRITE LINE: --------------------------------------------------------------------------------
[2025-08-12 07:38:20Z INFO Terminal] WRITE LINE: |        ____ _ _   _   _       _          _        _   _                      |
[2025-08-12 07:38:20Z INFO Terminal] WRITE LINE: |       / ___(_) |_| | | |_   _| |__      / \   ___| |_(_) ___  _ __  ___      |
[2025-08-12 07:38:20Z INFO Terminal] WRITE LINE: |      | |  _| | __| |_| | | | | '_ \    / _ \ / __| __| |/ _ \| '_ \/ __|     |
[2025-08-12 07:38:20Z INFO Terminal] WRITE LINE: |      | |_| | | |_|  _  | |_| | |_) |  / ___ \ (__| |_| | (_) | | | \__ \     |
[2025-08-12 07:38:20Z INFO Terminal] WRITE LINE: |       \____|_|\__|_| |_|\__,_|_.__/  /_/   \_\___|\__|_|\___/|_| |_|___/     |
[2025-08-12 07:38:20Z INFO Terminal] WRITE LINE: |                                                                              |
[2025-08-12 07:38:20Z INFO Terminal] WRITE: |                       
[2025-08-12 07:38:20Z INFO Terminal] WRITE: Self-hosted runner registration
[2025-08-12 07:38:20Z INFO Terminal] WRITE LINE:                         |
[2025-08-12 07:38:20Z INFO Terminal] WRITE LINE: |                                                                              |
[2025-08-12 07:38:20Z INFO Terminal] WRITE LINE: --------------------------------------------------------------------------------
[2025-08-12 07:38:20Z INFO ConfigurationManager] ConfigureAsync
[2025-08-12 07:38:20Z INFO CommandSettings] Flag 'generateServiceConfig': 'False'
[2025-08-12 07:38:20Z INFO ConfigurationStore] IsConfigured()
[2025-08-12 07:38:20Z INFO ConfigurationStore] IsConfigured: False
[2025-08-12 07:38:20Z INFO ConfigurationManager] Is configured: False
[2025-08-12 07:38:20Z INFO CommandSettings] Arg 'url': 'https://github.com/ibrahimgulbutt/ci-cd-testing'
[2025-08-12 07:38:20Z INFO CommandSettings] Remove url from Arg dictionary.
[2025-08-12 07:38:20Z INFO CommandSettings] Arg 'token': '***'
[2025-08-12 07:38:20Z INFO CommandSettings] Remove token from Arg dictionary.
[2025-08-12 07:38:21Z INFO ConfigurationManager] Http response code: OK from 'POST https://api.github.com/actions/runner-registration' (B5C1:2C145:599265:6E736B:689AEF6E)
[2025-08-12 07:38:21Z INFO ConfigurationManager] Using V2 flow: False
[2025-08-12 07:38:21Z INFO ConfigurationManager] cred retrieved via GitHub auth
[2025-08-12 07:38:21Z INFO RunnerServer] EstablishVssConnection
[2025-08-12 07:38:21Z INFO RunnerServer] Establish connection with 100 seconds timeout.
[2025-08-12 07:38:21Z INFO GitHubActionsService] Starting operation Location.GetConnectionData
[2025-08-12 07:38:21Z INFO RunnerServer] EstablishVssConnection
[2025-08-12 07:38:21Z INFO RunnerServer] Establish connection with 60 seconds timeout.
[2025-08-12 07:38:21Z INFO GitHubActionsService] Starting operation Location.GetConnectionData
[2025-08-12 07:38:21Z INFO RunnerServer] EstablishVssConnection
[2025-08-12 07:38:21Z INFO RunnerServer] Establish connection with 60 seconds timeout.
[2025-08-12 07:38:21Z INFO GitHubActionsService] Starting operation Location.GetConnectionData
[2025-08-12 07:38:22Z INFO GitHubActionsService] Finished operation Location.GetConnectionData
[2025-08-12 07:38:22Z INFO GitHubActionsService] Finished operation Location.GetConnectionData
[2025-08-12 07:38:22Z INFO GitHubActionsService] Finished operation Location.GetConnectionData
[2025-08-12 07:38:23Z INFO Terminal] WRITE LINE: 
[2025-08-12 07:38:23Z INFO ConfigurationManager] Test Connection complete.
[2025-08-12 07:38:23Z INFO HostContext] Well known directory 'Bin': 'C:\Users\LENOVO\Desktop\Internship\Task 6\actions-runner\bin'
[2025-08-12 07:38:23Z INFO HostContext] Well known directory 'Root': 'C:\Users\LENOVO\Desktop\Internship\Task 6\actions-runner'
[2025-08-12 07:38:23Z INFO HostContext] Well known config file 'RSACredentials': 'C:\Users\LENOVO\Desktop\Internship\Task 6\actions-runner\.credentials_rsaparams'
[2025-08-12 07:38:23Z INFO RSAEncryptedFileKeyManager] Found existing RSA key parameters file C:\Users\LENOVO\Desktop\Internship\Task 6\actions-runner\.credentials_rsaparams
[2025-08-12 07:38:23Z INFO CommandSettings] Arg 'runnergroup': 'Default'
[2025-08-12 07:38:23Z INFO CommandSettings] Remove runnergroup from Arg dictionary.
[2025-08-12 07:38:23Z INFO Terminal] WRITE LINE: 
[2025-08-12 07:38:23Z INFO ConfigurationManager] Found a self-hosted runner group with id 1 and name Default
[2025-08-12 07:38:23Z INFO CommandSettings] Flag 'disableupdate': 'False'
[2025-08-12 07:38:23Z INFO CommandSettings] Flag 'ephemeral': 'False'
[2025-08-12 07:38:23Z INFO CommandSettings] Arg 'name': 'minikube-runner'
[2025-08-12 07:38:23Z INFO CommandSettings] Remove name from Arg dictionary.
[2025-08-12 07:38:23Z INFO Terminal] WRITE LINE: 
[2025-08-12 07:38:23Z INFO CommandSettings] Arg 'labels': ''
[2025-08-12 07:38:23Z INFO CommandSettings] Flag 'unattended': 'False'
[2025-08-12 07:38:23Z INFO PromptManager] ReadValue
[2025-08-12 07:38:23Z INFO Terminal] WRITE: This runner will have the following labels: 'self-hosted', 'Windows', 'X64' 
Enter any additional labels (ex. label-1,label-2): 
[2025-08-12 07:38:23Z INFO Terminal] WRITE: [press Enter to skip] 
[2025-08-12 07:38:23Z INFO Terminal] READ LINE
[2025-08-12 07:38:33Z INFO Terminal] Read value: ''
[2025-08-12 07:38:33Z INFO Terminal] WRITE LINE: 
[2025-08-12 07:38:34Z INFO CommandSettings] Flag 'disableupdate': 'False'
[2025-08-12 07:38:34Z INFO CommandSettings] Flag 'no-default-labels': 'False'
[2025-08-12 07:38:34Z INFO CommandSettings] Flag 'disableupdate': 'False'
[2025-08-12 07:38:34Z INFO CommandSettings] Flag 'ephemeral': 'False'
[2025-08-12 07:38:34Z INFO ConfigurationStore] Saving OAuth credential @ C:\Users\LENOVO\Desktop\Internship\Task 6\actions-runner\.credentials
[2025-08-12 07:38:34Z INFO ConfigurationStore] Credentials Saved.
[2025-08-12 07:38:34Z INFO ConfigurationStore] HasCredentials()
[2025-08-12 07:38:34Z INFO ConfigurationStore] stored True
[2025-08-12 07:38:34Z INFO CredentialManager] GetCredentialProvider
[2025-08-12 07:38:34Z INFO CredentialManager] Creating type OAuth
[2025-08-12 07:38:34Z INFO CredentialManager] Creating credential type: OAuth
[2025-08-12 07:38:34Z INFO RSAEncryptedFileKeyManager] Loading RSA key parameters from file C:\Users\LENOVO\Desktop\Internship\Task 6\actions-runner\.credentials_rsaparams
[2025-08-12 07:38:34Z INFO RunnerServer] EstablishVssConnection
[2025-08-12 07:38:34Z INFO RunnerServer] Establish connection with 100 seconds timeout.
[2025-08-12 07:38:34Z INFO GitHubActionsService] Starting operation Location.GetConnectionData
[2025-08-12 07:38:34Z INFO RunnerServer] EstablishVssConnection
[2025-08-12 07:38:34Z INFO RunnerServer] Establish connection with 60 seconds timeout.
[2025-08-12 07:38:34Z INFO GitHubActionsService] Starting operation Location.GetConnectionData
[2025-08-12 07:38:34Z INFO RunnerServer] EstablishVssConnection
[2025-08-12 07:38:34Z INFO RunnerServer] Establish connection with 60 seconds timeout.
[2025-08-12 07:38:34Z INFO GitHubActionsService] Starting operation Location.GetConnectionData
[2025-08-12 07:38:35Z INFO GitHubActionsService] Finished operation Location.GetConnectionData
[2025-08-12 07:38:35Z INFO GitHubActionsService] Finished operation Location.GetConnectionData
[2025-08-12 07:38:35Z INFO GitHubActionsService] Finished operation Location.GetConnectionData
[2025-08-12 07:38:35Z INFO RSAEncryptedFileKeyManager] Loading RSA key parameters from file C:\Users\LENOVO\Desktop\Internship\Task 6\actions-runner\.credentials_rsaparams
[2025-08-12 07:38:35Z INFO RSAEncryptedFileKeyManager] Loading RSA key parameters from file C:\Users\LENOVO\Desktop\Internship\Task 6\actions-runner\.credentials_rsaparams
[2025-08-12 07:38:37Z INFO GitHubActionsService] AAD Correlation ID for this token request: Unknown
[2025-08-12 07:38:37Z INFO ConfigurationManager] Service enforced serverUrlV2: https://broker.actions.githubusercontent.com/
[2025-08-12 07:38:37Z INFO ConfigurationManager] Service enforced useV2Flow: True
[2025-08-12 07:38:37Z INFO CommandSettings] Arg 'work': '_work'
[2025-08-12 07:38:37Z INFO CommandSettings] Remove work from Arg dictionary.
[2025-08-12 07:38:37Z INFO ConfigurationStore] Saving runner settings.
[2025-08-12 07:38:37Z INFO ConfigurationStore] Settings Saved.
[2025-08-12 07:38:37Z INFO Terminal] WRITE LINE: 
[2025-08-12 07:38:37Z INFO Terminal] WRITE LINE: 
[2025-08-12 07:38:37Z INFO CommandSettings] Flag 'runasservice': 'False'
[2025-08-12 07:38:37Z INFO CommandSettings] Flag 'unattended': 'False'
[2025-08-12 07:38:37Z INFO PromptManager] ReadValue
[2025-08-12 07:38:37Z INFO Terminal] WRITE: Would you like to run the runner as service? (Y/N) 
[2025-08-12 07:38:37Z INFO Terminal] WRITE: [press Enter for N] 
[2025-08-12 07:38:37Z INFO Terminal] READ LINE
[2025-08-12 07:39:10Z INFO Terminal] Read value: 'Y'
[2025-08-12 07:39:10Z INFO ConfigurationManager] Configuring to run the agent as service
[2025-08-12 07:39:10Z ERR  WindowsServiceControlManager] Needs Administrator privileges for configure runner as windows service.
[2025-08-12 07:39:10Z ERR  Runner] System.Security.SecurityException: Needs Administrator privileges for configuring runner as windows service.
   at GitHub.Runner.Listener.Configuration.WindowsServiceControlManager.ConfigureService(RunnerSettings settings, CommandSettings command)
   at GitHub.Runner.Listener.Configuration.ConfigurationManager.ConfigureAsync(CommandSettings command)
   at GitHub.Runner.Listener.Runner.ExecuteCommand(CommandSettings command)
[2025-08-12 07:39:10Z ERR  Terminal] WRITE ERROR: Needs Administrator privileges for configuring runner as windows service.
[2025-08-12 07:39:10Z INFO Listener] Runner execution has finished with return code 1
