[2025-08-12 07:48:54Z INFO HostContext] No proxy settings were found based on environmental variables (http_proxy/https_proxy/HTTP_PROXY/HTTPS_PROXY)
[2025-08-12 07:48:54Z INFO HostContext] Well known directory 'Bin': 'C:\Users\LENOVO\Desktop\Internship\Task 6\actions-runner\bin'
[2025-08-12 07:48:54Z INFO HostContext] Well known directory 'Root': 'C:\Users\LENOVO\Desktop\Internship\Task 6\actions-runner'
[2025-08-12 07:48:54Z INFO HostContext] Well known config file 'Credentials': 'C:\Users\LENOVO\Desktop\Internship\Task 6\actions-runner\.credentials'
[2025-08-12 07:48:54Z INFO HostContext] Well known directory 'Bin': 'C:\Users\LENOVO\Desktop\Internship\Task 6\actions-runner\bin'
[2025-08-12 07:48:54Z INFO HostContext] Well known directory 'Root': 'C:\Users\LENOVO\Desktop\Internship\Task 6\actions-runner'
[2025-08-12 07:48:54Z INFO HostContext] Well known config file 'Runner': 'C:\Users\LENOVO\Desktop\Internship\Task 6\actions-runner\.runner'
[2025-08-12 07:48:54Z INFO Listener] Runner is built for Windows (X64) - win-x64.
[2025-08-12 07:48:54Z INFO Listener] RuntimeInformation: Microsoft Windows 10.0.26100.
[2025-08-12 07:48:54Z INFO Listener] Version: 2.327.1
[2025-08-12 07:48:54Z INFO Listener] Commit: 9513afd82fbc900d13362cdd4fcdab0538f5124e
[2025-08-12 07:48:54Z INFO Listener] Culture: en-US
[2025-08-12 07:48:54Z INFO Listener] UI Culture: en-US
[2025-08-12 07:48:54Z INFO HostContext] Well known directory 'Bin': 'C:\Users\LENOVO\Desktop\Internship\Task 6\actions-runner\bin'
[2025-08-12 07:48:54Z INFO HostContext] Well known directory 'Root': 'C:\Users\LENOVO\Desktop\Internship\Task 6\actions-runner'
[2025-08-12 07:48:54Z INFO Listener] Validating directory permissions for: 'C:\Users\LENOVO\Desktop\Internship\Task 6\actions-runner'
[2025-08-12 07:48:54Z INFO CommandLineParser] Parse
[2025-08-12 07:48:54Z INFO CommandLineParser] Parsing 1 args
[2025-08-12 07:48:54Z INFO CommandLineParser] parsing argument
[2025-08-12 07:48:54Z INFO CommandLineParser] HasArgs: False
[2025-08-12 07:48:54Z INFO CommandLineParser] Adding Command: run
[2025-08-12 07:48:54Z INFO Listener] Arguments parsed
[2025-08-12 07:48:54Z INFO Runner] ExecuteCommand
[2025-08-12 07:48:54Z INFO ConfigurationStore] currentAssemblyLocation: C:\Users\LENOVO\Desktop\Internship\Task 6\actions-runner\bin\Runner.Listener.dll
[2025-08-12 07:48:54Z INFO HostContext] Well known directory 'Bin': 'C:\Users\LENOVO\Desktop\Internship\Task 6\actions-runner\bin'
[2025-08-12 07:48:54Z INFO ConfigurationStore] binPath: C:\Users\LENOVO\Desktop\Internship\Task 6\actions-runner\bin
[2025-08-12 07:48:54Z INFO HostContext] Well known directory 'Bin': 'C:\Users\LENOVO\Desktop\Internship\Task 6\actions-runner\bin'
[2025-08-12 07:48:54Z INFO HostContext] Well known directory 'Root': 'C:\Users\LENOVO\Desktop\Internship\Task 6\actions-runner'
[2025-08-12 07:48:54Z INFO ConfigurationStore] RootFolder: C:\Users\LENOVO\Desktop\Internship\Task 6\actions-runner
[2025-08-12 07:48:54Z INFO HostContext] Well known directory 'Bin': 'C:\Users\LENOVO\Desktop\Internship\Task 6\actions-runner\bin'
[2025-08-12 07:48:54Z INFO HostContext] Well known directory 'Root': 'C:\Users\LENOVO\Desktop\Internship\Task 6\actions-runner'
[2025-08-12 07:48:54Z INFO HostContext] Well known config file 'Runner': 'C:\Users\LENOVO\Desktop\Internship\Task 6\actions-runner\.runner'
[2025-08-12 07:48:54Z INFO ConfigurationStore] ConfigFilePath: C:\Users\LENOVO\Desktop\Internship\Task 6\actions-runner\.runner
[2025-08-12 07:48:54Z INFO HostContext] Well known directory 'Bin': 'C:\Users\LENOVO\Desktop\Internship\Task 6\actions-runner\bin'
[2025-08-12 07:48:54Z INFO HostContext] Well known directory 'Root': 'C:\Users\LENOVO\Desktop\Internship\Task 6\actions-runner'
[2025-08-12 07:48:54Z INFO HostContext] Well known config file 'MigratedRunner': 'C:\Users\LENOVO\Desktop\Internship\Task 6\actions-runner\.runner_migrated'
[2025-08-12 07:48:54Z INFO ConfigurationStore] MigratedConfigFilePath: C:\Users\LENOVO\Desktop\Internship\Task 6\actions-runner\.runner_migrated
[2025-08-12 07:48:54Z INFO HostContext] Well known directory 'Bin': 'C:\Users\LENOVO\Desktop\Internship\Task 6\actions-runner\bin'
[2025-08-12 07:48:54Z INFO HostContext] Well known directory 'Root': 'C:\Users\LENOVO\Desktop\Internship\Task 6\actions-runner'
[2025-08-12 07:48:54Z INFO HostContext] Well known config file 'Credentials': 'C:\Users\LENOVO\Desktop\Internship\Task 6\actions-runner\.credentials'
[2025-08-12 07:48:54Z INFO ConfigurationStore] CredFilePath: C:\Users\LENOVO\Desktop\Internship\Task 6\actions-runner\.credentials
[2025-08-12 07:48:54Z INFO HostContext] Well known directory 'Bin': 'C:\Users\LENOVO\Desktop\Internship\Task 6\actions-runner\bin'
[2025-08-12 07:48:54Z INFO HostContext] Well known directory 'Root': 'C:\Users\LENOVO\Desktop\Internship\Task 6\actions-runner'
[2025-08-12 07:48:54Z INFO HostContext] Well known config file 'MigratedCredentials': 'C:\Users\LENOVO\Desktop\Internship\Task 6\actions-runner\.credentials_migrated'
[2025-08-12 07:48:54Z INFO ConfigurationStore] MigratedCredFilePath: C:\Users\LENOVO\Desktop\Internship\Task 6\actions-runner\.credentials_migrated
[2025-08-12 07:48:54Z INFO HostContext] Well known directory 'Bin': 'C:\Users\LENOVO\Desktop\Internship\Task 6\actions-runner\bin'
[2025-08-12 07:48:54Z INFO HostContext] Well known directory 'Root': 'C:\Users\LENOVO\Desktop\Internship\Task 6\actions-runner'
[2025-08-12 07:48:54Z INFO HostContext] Well known config file 'Service': 'C:\Users\LENOVO\Desktop\Internship\Task 6\actions-runner\.service'
[2025-08-12 07:48:54Z INFO ConfigurationStore] ServiceConfigFilePath: C:\Users\LENOVO\Desktop\Internship\Task 6\actions-runner\.service
[2025-08-12 07:48:54Z INFO CommandSettings] Flag 'help': 'False'
[2025-08-12 07:48:54Z INFO CommandSettings] Flag 'version': 'False'
[2025-08-12 07:48:54Z INFO CommandSettings] Flag 'commit': 'False'
[2025-08-12 07:48:54Z INFO CommandSettings] Flag 'check': 'False'
[2025-08-12 07:48:54Z INFO CommandSettings] Command 'configure': 'False'
[2025-08-12 07:48:54Z INFO CommandSettings] Command 'remove': 'False'
[2025-08-12 07:48:54Z INFO CommandSettings] Command 'warmup': 'False'
[2025-08-12 07:48:54Z INFO ConfigurationManager] LoadSettings
[2025-08-12 07:48:54Z INFO ConfigurationStore] IsConfigured()
[2025-08-12 07:48:54Z INFO ConfigurationStore] IsConfigured: True
[2025-08-12 07:48:54Z INFO ConfigurationManager] Is configured: True
[2025-08-12 07:48:54Z INFO ConfigurationStore] Read setting file: 407 chars
[2025-08-12 07:48:54Z INFO ConfigurationManager] Settings Loaded
[2025-08-12 07:48:54Z INFO ConfigurationStore] IsServiceConfigured()
[2025-08-12 07:48:54Z INFO ConfigurationStore] IsServiceConfigured: False
[2025-08-12 07:48:54Z INFO CommandSettings] Command 'run': 'True'
[2025-08-12 07:48:54Z INFO ConfigurationStore] IsConfigured()
[2025-08-12 07:48:54Z INFO ConfigurationStore] IsConfigured: True
[2025-08-12 07:48:54Z INFO ConfigurationManager] Is configured: True
[2025-08-12 07:48:54Z INFO Runner] Could not parse the argument value '' for StartupType. Defaulting to Manual
[2025-08-12 07:48:54Z INFO Runner] Set runner startup type - Manual
[2025-08-12 07:48:54Z INFO CommandSettings] Flag 'once': 'False'
[2025-08-12 07:48:54Z INFO CommandSettings] Flag 'once': 'False'
[2025-08-12 07:48:54Z INFO Runner] RunAsync
[2025-08-12 07:48:54Z INFO ConfigurationManager] LoadMigratedSettings
[2025-08-12 07:48:54Z INFO ConfigurationStore] IsMigratedConfigured()
[2025-08-12 07:48:54Z INFO ConfigurationStore] IsMigratedConfigured: False
[2025-08-12 07:48:54Z INFO Runner] Failed to load migrated settings: No migrated configuration found.
[2025-08-12 07:48:54Z INFO Runner] Falling back to original .runner settings
[2025-08-12 07:48:54Z INFO Runner] Using BrokerMessageListener
[2025-08-12 07:48:54Z INFO BrokerMessageListener] Using provided settings
[2025-08-12 07:48:54Z INFO BrokerMessageListener] {
  "AgentId": 21,
  "AgentName": "minikube-runner",
  "PoolId": 1,
  "PoolName": "Default",
  "ServerUrl": "https://pipelinesghubeus3.actions.githubusercontent.com/wWzhoJXxjmBVCpoVdeZ1PMdTeJOdJEg4WIfpuytnPpqZGDRRal/",
  "GitHubUrl": "https://github.com/ibrahimgulbutt/ci-cd-testing",
  "WorkFolder": "_work",
  "UseV2Flow": true,
  "ServerUrlV2": "https://broker.actions.githubusercontent.com/"
}
[2025-08-12 07:48:54Z INFO BrokerMessageListener] Loading Credentials
[2025-08-12 07:48:54Z INFO ConfigurationStore] HasCredentials()
[2025-08-12 07:48:54Z INFO ConfigurationStore] stored True
[2025-08-12 07:48:54Z INFO CredentialManager] GetCredentialProvider
[2025-08-12 07:48:54Z INFO CredentialManager] Creating type OAuth
[2025-08-12 07:48:54Z INFO CredentialManager] Creating credential type: OAuth
[2025-08-12 07:48:54Z INFO HostContext] Well known directory 'Bin': 'C:\Users\LENOVO\Desktop\Internship\Task 6\actions-runner\bin'
[2025-08-12 07:48:54Z INFO HostContext] Well known directory 'Root': 'C:\Users\LENOVO\Desktop\Internship\Task 6\actions-runner'
[2025-08-12 07:48:54Z INFO HostContext] Well known config file 'RSACredentials': 'C:\Users\LENOVO\Desktop\Internship\Task 6\actions-runner\.credentials_rsaparams'
[2025-08-12 07:48:54Z INFO RSAEncryptedFileKeyManager] Loading RSA key parameters from file C:\Users\LENOVO\Desktop\Internship\Task 6\actions-runner\.credentials_rsaparams
[2025-08-12 07:48:54Z INFO BrokerMessageListener] Attempt to create session.
[2025-08-12 07:48:54Z INFO BrokerMessageListener] Connecting to the Broker Server...
[2025-08-12 07:48:54Z INFO ConfigurationStore] HasCredentials()
[2025-08-12 07:48:54Z INFO ConfigurationStore] stored True
[2025-08-12 07:48:54Z INFO CredentialManager] GetCredentialProvider
[2025-08-12 07:48:54Z INFO CredentialManager] Creating type OAuth
[2025-08-12 07:48:54Z INFO CredentialManager] Creating credential type: OAuth
[2025-08-12 07:48:54Z INFO RSAEncryptedFileKeyManager] Loading RSA key parameters from file C:\Users\LENOVO\Desktop\Internship\Task 6\actions-runner\.credentials_rsaparams
[2025-08-12 07:48:54Z INFO BrokerMessageListener] VssConnection created
[2025-08-12 07:48:54Z INFO BrokerMessageListener] Connecting to the Runner server...
[2025-08-12 07:48:54Z INFO RunnerServer] EstablishVssConnection
[2025-08-12 07:48:54Z INFO RunnerServer] Establish connection with 100 seconds timeout.
[2025-08-12 07:48:54Z INFO GitHubActionsService] Starting operation Location.GetConnectionData
[2025-08-12 07:48:54Z INFO RunnerServer] EstablishVssConnection
[2025-08-12 07:48:54Z INFO RunnerServer] Establish connection with 60 seconds timeout.
[2025-08-12 07:48:54Z INFO GitHubActionsService] Starting operation Location.GetConnectionData
[2025-08-12 07:48:54Z INFO RunnerServer] EstablishVssConnection
[2025-08-12 07:48:54Z INFO RunnerServer] Establish connection with 60 seconds timeout.
[2025-08-12 07:48:55Z INFO GitHubActionsService] Starting operation Location.GetConnectionData
[2025-08-12 07:48:56Z INFO GitHubActionsService] Finished operation Location.GetConnectionData
[2025-08-12 07:48:56Z INFO GitHubActionsService] Finished operation Location.GetConnectionData
[2025-08-12 07:48:56Z INFO GitHubActionsService] Finished operation Location.GetConnectionData
[2025-08-12 07:48:56Z INFO BrokerMessageListener] VssConnection created
[2025-08-12 07:48:56Z INFO Terminal] WRITE LINE: 
[2025-08-12 07:48:56Z INFO Terminal] WRITE LINE: 
[2025-08-12 07:48:56Z INFO RSAEncryptedFileKeyManager] Loading RSA key parameters from file C:\Users\LENOVO\Desktop\Internship\Task 6\actions-runner\.credentials_rsaparams
[2025-08-12 07:48:56Z INFO RSAEncryptedFileKeyManager] Loading RSA key parameters from file C:\Users\LENOVO\Desktop\Internship\Task 6\actions-runner\.credentials_rsaparams
[2025-08-12 07:48:57Z INFO GitHubActionsService] AAD Correlation ID for this token request: Unknown
[2025-08-12 07:48:58Z INFO BrokerMessageListener] Session created.
[2025-08-12 07:48:58Z INFO Terminal] WRITE LINE: Current runner version: '2.327.1'
[2025-08-12 07:48:58Z INFO Terminal] WRITE LINE: 2025-08-12 07:48:58Z: Listening for Jobs
[2025-08-12 07:48:58Z INFO JobDispatcher] Set runner/worker IPC timeout to 30 seconds.
[2025-08-12 07:50:08Z INFO ConfigurationStore] HasCredentials()
[2025-08-12 07:50:08Z INFO ConfigurationStore] stored True
[2025-08-12 07:50:08Z INFO CredentialManager] GetCredentialProvider
[2025-08-12 07:50:08Z INFO CredentialManager] Creating type OAuth
[2025-08-12 07:50:08Z INFO CredentialManager] Creating credential type: OAuth
[2025-08-12 07:50:08Z INFO RSAEncryptedFileKeyManager] Loading RSA key parameters from file C:\Users\LENOVO\Desktop\Internship\Task 6\actions-runner\.credentials_rsaparams
[2025-08-12 07:50:08Z INFO RSAEncryptedFileKeyManager] Loading RSA key parameters from file C:\Users\LENOVO\Desktop\Internship\Task 6\actions-runner\.credentials_rsaparams
[2025-08-12 07:50:08Z INFO RSAEncryptedFileKeyManager] Loading RSA key parameters from file C:\Users\LENOVO\Desktop\Internship\Task 6\actions-runner\.credentials_rsaparams
[2025-08-12 07:50:09Z INFO GitHubActionsService] AAD Correlation ID for this token request: Unknown
[2025-08-12 07:50:11Z INFO JobDispatcher] Job request 0 for plan 95eb5e2c-cbbd-4ecc-a6b7-4a123e406547 job d80fde46-72cc-5b2e-a17b-2d52381e584e received.
[2025-08-12 07:50:11Z INFO JobDispatcher] Pull OrchestrationId 95eb5e2c-cbbd-4ecc-a6b7-4a123e406547.deploy.__default from JWT claims
[2025-08-12 07:50:11Z INFO BrokerMessageListener] Received job status event. JobState: Busy
[2025-08-12 07:50:11Z INFO BrokerMessageListener] _getMessagesTokenSource is already disposed.
[2025-08-12 07:50:11Z INFO Terminal] WRITE LINE: 2025-08-12 07:50:11Z: Running job: deploy
[2025-08-12 07:50:11Z INFO JobDispatcher] Start renew job request 0 for job d80fde46-72cc-5b2e-a17b-2d52381e584e.
[2025-08-12 07:50:12Z INFO JobDispatcher] Successfully renew job d80fde46-72cc-5b2e-a17b-2d52381e584e, job is valid till 8/12/2025 8:00:13 AM
[2025-08-12 07:50:12Z INFO HostContext] Well known directory 'Bin': 'C:\Users\LENOVO\Desktop\Internship\Task 6\actions-runner\bin'
[2025-08-12 07:50:12Z INFO ProcessInvokerWrapper] Starting process:
[2025-08-12 07:50:12Z INFO ProcessInvokerWrapper]   File name: 'C:\Users\LENOVO\Desktop\Internship\Task 6\actions-runner\bin\Runner.Worker.exe'
[2025-08-12 07:50:12Z INFO ProcessInvokerWrapper]   Arguments: 'spawnclient 1596 1420'
[2025-08-12 07:50:12Z INFO ProcessInvokerWrapper]   Working directory: 'C:\Users\LENOVO\Desktop\Internship\Task 6\actions-runner\bin'
[2025-08-12 07:50:12Z INFO ProcessInvokerWrapper]   Require exit code zero: 'False'
[2025-08-12 07:50:12Z INFO ProcessInvokerWrapper]   Encoding web name:  ; code page: ''
[2025-08-12 07:50:12Z INFO ProcessInvokerWrapper]   Force kill process on cancellation: 'True'
[2025-08-12 07:50:12Z INFO ProcessInvokerWrapper]   Redirected STDIN: 'False'
[2025-08-12 07:50:12Z INFO ProcessInvokerWrapper]   Persist current code page: 'False'
[2025-08-12 07:50:12Z INFO ProcessInvokerWrapper]   Keep redirected STDIN open: 'False'
[2025-08-12 07:50:12Z INFO ProcessInvokerWrapper]   High priority process: 'True'
[2025-08-12 07:50:12Z INFO ProcessInvokerWrapper] Process started with process id 17556, waiting for process exit.
[2025-08-12 07:50:12Z INFO JobDispatcher] Send job request message to worker for job d80fde46-72cc-5b2e-a17b-2d52381e584e.
[2025-08-12 07:50:12Z INFO ProcessChannel] Sending message of length 19008, with hash '664f30394f1a473a01567899dbc3f6f774371ab970718eb931729ca32623f3cc'
[2025-08-12 07:50:12Z INFO JobNotification] Entering JobStarted Notification
[2025-08-12 07:50:12Z INFO JobNotification] Entering StartMonitor
[2025-08-12 07:50:22Z INFO ProcessInvokerWrapper] STDOUT/STDERR stream read finished.
[2025-08-12 07:50:22Z INFO ProcessInvokerWrapper] STDOUT/STDERR stream read finished.
[2025-08-12 07:50:22Z INFO ProcessInvokerWrapper] Finished process 17556 with exit code 100, and elapsed time 00:00:10.0694303.
[2025-08-12 07:50:22Z INFO JobDispatcher] Worker finished for job d80fde46-72cc-5b2e-a17b-2d52381e584e. Code: 100
[2025-08-12 07:50:22Z INFO JobDispatcher] finish job request for job d80fde46-72cc-5b2e-a17b-2d52381e584e with result: Succeeded
[2025-08-12 07:50:22Z INFO Terminal] WRITE LINE: 2025-08-12 07:50:22Z: Job deploy completed with result: Succeeded
[2025-08-12 07:50:22Z INFO JobDispatcher] Stop renew job request for job d80fde46-72cc-5b2e-a17b-2d52381e584e.
[2025-08-12 07:50:22Z INFO JobDispatcher] job renew has been cancelled, stop renew job d80fde46-72cc-5b2e-a17b-2d52381e584e.
[2025-08-12 07:50:22Z INFO JobNotification] Entering JobCompleted Notification
[2025-08-12 07:50:22Z INFO JobNotification] Entering EndMonitor
[2025-08-12 07:50:22Z INFO BrokerMessageListener] Received job status event. JobState: Online
[2025-08-12 07:50:22Z WARN GitHubActionsService] GET request to https://broker.actions.githubusercontent.com/message?sessionId=f36076aa-989a-4448-a75c-b7a5142d8be3&status=Busy&runnerVersion=2.327.1&os=Windows&architecture=X64&disableUpdate=false has been cancelled.
[2025-08-12 07:50:22Z ERR  BrokerServer] Catch exception during request
[2025-08-12 07:50:22Z ERR  BrokerServer] System.Threading.Tasks.TaskCanceledException: The operation was canceled.
 ---> System.Threading.Tasks.TaskCanceledException: The operation was canceled.
 ---> System.IO.IOException: Unable to read data from the transport connection: The I/O operation has been aborted because of either a thread exit or an application request..
 ---> System.Net.Sockets.SocketException (995): The I/O operation has been aborted because of either a thread exit or an application request.
   --- End of inner exception stack trace ---
   at System.Net.Sockets.Socket.AwaitableSocketAsyncEventArgs.ThrowException(SocketError error, CancellationToken cancellationToken)
   at System.Net.Sockets.Socket.AwaitableSocketAsyncEventArgs.System.Threading.Tasks.Sources.IValueTaskSource<System.Int32>.GetResult(Int16 token)
   at System.Net.Security.SslStream.EnsureFullTlsFrameAsync[TIOAdapter](CancellationToken cancellationToken, Int32 estimatedSize)
   at System.Runtime.CompilerServices.PoolingAsyncValueTaskMethodBuilder`1.StateMachineBox`1.System.Threading.Tasks.Sources.IValueTaskSource<TResult>.GetResult(Int16 token)
   at System.Net.Security.SslStream.ReadAsyncInternal[TIOAdapter](Memory`1 buffer, CancellationToken cancellationToken)
   at System.Runtime.CompilerServices.PoolingAsyncValueTaskMethodBuilder`1.StateMachineBox`1.System.Threading.Tasks.Sources.IValueTaskSource<TResult>.GetResult(Int16 token)
   at System.Net.Http.HttpConnection.SendAsync(HttpRequestMessage request, Boolean async, CancellationToken cancellationToken)
   --- End of inner exception stack trace ---
   at System.Net.Http.HttpConnection.SendAsync(HttpRequestMessage request, Boolean async, CancellationToken cancellationToken)
   at System.Net.Http.AuthenticationHelper.SendWithNtAuthAsync(HttpRequestMessage request, Uri authUri, Boolean async, ICredentials credentials, Boolean isProxyAuth, HttpConnection connection, HttpConnectionPool connectionPool, CancellationToken cancellationToken)
   at System.Net.Http.HttpConnectionPool.SendWithVersionDetectionAndRetryAsync(HttpRequestMessage request, Boolean async, Boolean doRequestAuth, CancellationToken cancellationToken)
   at System.Net.Http.AuthenticationHelper.SendWithAuthAsync(HttpRequestMessage request, Uri authUri, Boolean async, ICredentials credentials, Boolean preAuthenticate, Boolean isProxyAuth, Boolean doRequestAuth, HttpConnectionPool pool, CancellationToken cancellationToken)
   at System.Net.Http.RedirectHandler.SendAsync(HttpRequestMessage request, Boolean async, CancellationToken cancellationToken)
   at GitHub.Services.Common.RawHttpMessageHandler.SendAsync(HttpRequestMessage request, CancellationToken cancellationToken)
   at GitHub.Services.Common.VssHttpRetryMessageHandler.SendAsync(HttpRequestMessage request, CancellationToken cancellationToken)
   at System.Net.Http.HttpClient.<SendAsync>g__Core|83_0(HttpRequestMessage request, HttpCompletionOption completionOption, CancellationTokenSource cts, Boolean disposeCts, CancellationTokenSource pendingRequestsCts, CancellationToken originalCancellationToken)
   --- End of inner exception stack trace ---
   at System.Net.Http.HttpClient.HandleFailure(Exception e, Boolean telemetryStarted, HttpResponseMessage response, CancellationTokenSource cts, CancellationToken cancellationToken, CancellationTokenSource pendingRequestsCts)
   at System.Net.Http.HttpClient.<SendAsync>g__Core|83_0(HttpRequestMessage request, HttpCompletionOption completionOption, CancellationTokenSource cts, Boolean disposeCts, CancellationTokenSource pendingRequestsCts, CancellationToken originalCancellationToken)
   at Sdk.WebApi.WebApi.RawHttpClientBase.SendAsync(HttpRequestMessage message, HttpCompletionOption completionOption, Object userState, CancellationToken cancellationToken)
   at Sdk.WebApi.WebApi.RawHttpClientBase.SendAsync[T](HttpRequestMessage message, Boolean readErrorBody, Object userState, CancellationToken cancellationToken)
   at Sdk.WebApi.WebApi.RawHttpClientBase.SendAsync[T](HttpMethod method, IEnumerable`1 additionalHeaders, Uri requestUri, HttpContent content, IEnumerable`1 queryParameters, Boolean readErrorBody, Object userState, CancellationToken cancellationToken)
   at GitHub.Actions.RunService.WebApi.BrokerHttpClient.GetRunnerMessageAsync(Nullable`1 sessionId, String runnerVersion, Nullable`1 status, String os, String architecture, Nullable`1 disableUpdate, CancellationToken cancellationToken)
   at GitHub.Runner.Common.BrokerServer.<>c__DisplayClass7_0.<<GetRunnerMessageAsync>b__0>d.MoveNext()
--- End of stack trace from previous location ---
   at GitHub.Runner.Common.RunnerService.RetryRequest[T](Func`1 func, CancellationToken cancellationToken, Int32 maxRetryAttemptsCount, Func`2 shouldRetry)
[2025-08-12 07:50:22Z ERR  BrokerServer] #####################################################
[2025-08-12 07:50:22Z ERR  BrokerServer] System.Threading.Tasks.TaskCanceledException: The operation was canceled.
 ---> System.IO.IOException: Unable to read data from the transport connection: The I/O operation has been aborted because of either a thread exit or an application request..
 ---> System.Net.Sockets.SocketException (995): The I/O operation has been aborted because of either a thread exit or an application request.
   --- End of inner exception stack trace ---
   at System.Net.Sockets.Socket.AwaitableSocketAsyncEventArgs.ThrowException(SocketError error, CancellationToken cancellationToken)
   at System.Net.Sockets.Socket.AwaitableSocketAsyncEventArgs.System.Threading.Tasks.Sources.IValueTaskSource<System.Int32>.GetResult(Int16 token)
   at System.Net.Security.SslStream.EnsureFullTlsFrameAsync[TIOAdapter](CancellationToken cancellationToken, Int32 estimatedSize)
   at System.Runtime.CompilerServices.PoolingAsyncValueTaskMethodBuilder`1.StateMachineBox`1.System.Threading.Tasks.Sources.IValueTaskSource<TResult>.GetResult(Int16 token)
   at System.Net.Security.SslStream.ReadAsyncInternal[TIOAdapter](Memory`1 buffer, CancellationToken cancellationToken)
   at System.Runtime.CompilerServices.PoolingAsyncValueTaskMethodBuilder`1.StateMachineBox`1.System.Threading.Tasks.Sources.IValueTaskSource<TResult>.GetResult(Int16 token)
   at System.Net.Http.HttpConnection.SendAsync(HttpRequestMessage request, Boolean async, CancellationToken cancellationToken)
   --- End of inner exception stack trace ---
   at System.Net.Http.HttpConnection.SendAsync(HttpRequestMessage request, Boolean async, CancellationToken cancellationToken)
   at System.Net.Http.AuthenticationHelper.SendWithNtAuthAsync(HttpRequestMessage request, Uri authUri, Boolean async, ICredentials credentials, Boolean isProxyAuth, HttpConnection connection, HttpConnectionPool connectionPool, CancellationToken cancellationToken)
   at System.Net.Http.HttpConnectionPool.SendWithVersionDetectionAndRetryAsync(HttpRequestMessage request, Boolean async, Boolean doRequestAuth, CancellationToken cancellationToken)
   at System.Net.Http.AuthenticationHelper.SendWithAuthAsync(HttpRequestMessage request, Uri authUri, Boolean async, ICredentials credentials, Boolean preAuthenticate, Boolean isProxyAuth, Boolean doRequestAuth, HttpConnectionPool pool, CancellationToken cancellationToken)
   at System.Net.Http.RedirectHandler.SendAsync(HttpRequestMessage request, Boolean async, CancellationToken cancellationToken)
   at GitHub.Services.Common.RawHttpMessageHandler.SendAsync(HttpRequestMessage request, CancellationToken cancellationToken)
   at GitHub.Services.Common.VssHttpRetryMessageHandler.SendAsync(HttpRequestMessage request, CancellationToken cancellationToken)
   at System.Net.Http.HttpClient.<SendAsync>g__Core|83_0(HttpRequestMessage request, HttpCompletionOption completionOption, CancellationTokenSource cts, Boolean disposeCts, CancellationTokenSource pendingRequestsCts, CancellationToken originalCancellationToken)
[2025-08-12 07:50:22Z ERR  BrokerServer] #####################################################
[2025-08-12 07:50:22Z ERR  BrokerServer] System.IO.IOException: Unable to read data from the transport connection: The I/O operation has been aborted because of either a thread exit or an application request..
 ---> System.Net.Sockets.SocketException (995): The I/O operation has been aborted because of either a thread exit or an application request.
   --- End of inner exception stack trace ---
   at System.Net.Sockets.Socket.AwaitableSocketAsyncEventArgs.ThrowException(SocketError error, CancellationToken cancellationToken)
   at System.Net.Sockets.Socket.AwaitableSocketAsyncEventArgs.System.Threading.Tasks.Sources.IValueTaskSource<System.Int32>.GetResult(Int16 token)
   at System.Net.Security.SslStream.EnsureFullTlsFrameAsync[TIOAdapter](CancellationToken cancellationToken, Int32 estimatedSize)
   at System.Runtime.CompilerServices.PoolingAsyncValueTaskMethodBuilder`1.StateMachineBox`1.System.Threading.Tasks.Sources.IValueTaskSource<TResult>.GetResult(Int16 token)
   at System.Net.Security.SslStream.ReadAsyncInternal[TIOAdapter](Memory`1 buffer, CancellationToken cancellationToken)
   at System.Runtime.CompilerServices.PoolingAsyncValueTaskMethodBuilder`1.StateMachineBox`1.System.Threading.Tasks.Sources.IValueTaskSource<TResult>.GetResult(Int16 token)
   at System.Net.Http.HttpConnection.SendAsync(HttpRequestMessage request, Boolean async, CancellationToken cancellationToken)
[2025-08-12 07:50:22Z ERR  BrokerServer] #####################################################
[2025-08-12 07:50:22Z ERR  BrokerServer] System.Net.Sockets.SocketException (995): The I/O operation has been aborted because of either a thread exit or an application request.
[2025-08-12 07:50:22Z WARN BrokerServer] Back off 11.171 seconds before next retry. 4 attempt left.
[2025-08-12 07:50:22Z INFO BrokerMessageListener] Get messages has been cancelled using local token source. Continue to get messages with new status.
[2025-08-12 08:58:22Z WARN GitHubActionsService] Attempt 1 of GET request to https://broker.actions.githubusercontent.com/message?sessionId=f36076aa-989a-4448-a75c-b7a5142d8be3&status=Online&runnerVersion=2.327.1&os=Windows&architecture=X64&disableUpdate=false failed (Socket Error: ConnectionReset). The operation will be retried in 10.958 seconds.
[2025-08-12 08:58:34Z INFO RSAEncryptedFileKeyManager] Loading RSA key parameters from file C:\Users\LENOVO\Desktop\Internship\Task 6\actions-runner\.credentials_rsaparams
[2025-08-12 08:58:35Z INFO GitHubActionsService] AAD Correlation ID for this token request: Unknown
[2025-08-12 09:42:51Z WARN GitHubActionsService] Attempt 1 of GET request to https://broker.actions.githubusercontent.com/message?sessionId=f36076aa-989a-4448-a75c-b7a5142d8be3&status=Online&runnerVersion=2.327.1&os=Windows&architecture=X64&disableUpdate=false failed (Socket Error: ConnectionReset). The operation will be retried in 11.002 seconds.
[2025-08-12 09:48:57Z INFO RSAEncryptedFileKeyManager] Loading RSA key parameters from file C:\Users\LENOVO\Desktop\Internship\Task 6\actions-runner\.credentials_rsaparams
[2025-08-12 09:48:57Z INFO GitHubActionsService] AAD Correlation ID for this token request: Unknown
[2025-08-12 09:55:50Z WARN GitHubActionsService] Attempt 1 of GET request to https://broker.actions.githubusercontent.com/message?sessionId=f36076aa-989a-4448-a75c-b7a5142d8be3&status=Online&runnerVersion=2.327.1&os=Windows&architecture=X64&disableUpdate=false failed (Socket Error: ConnectionReset). The operation will be retried in 10.833 seconds.
[2025-08-12 09:56:11Z INFO Terminal] WRITE LINE: Exiting...
[2025-08-12 09:56:11Z INFO ConfigurationStore] IsServiceConfigured()
[2025-08-12 09:56:11Z INFO ConfigurationStore] IsServiceConfigured: False
[2025-08-12 09:56:11Z INFO HostContext] Runner will be shutdown for UserCancelled
[2025-08-12 09:56:11Z WARN GitHubActionsService] GET request to https://broker.actions.githubusercontent.com/message?sessionId=f36076aa-989a-4448-a75c-b7a5142d8be3&status=Online&runnerVersion=2.327.1&os=Windows&architecture=X64&disableUpdate=false has been cancelled.
[2025-08-12 09:56:11Z ERR  BrokerServer] Catch exception during request
[2025-08-12 09:56:11Z ERR  BrokerServer] System.Threading.Tasks.TaskCanceledException: The operation was canceled.
 ---> System.Threading.Tasks.TaskCanceledException: The operation was canceled.
 ---> System.IO.IOException: Unable to read data from the transport connection: The I/O operation has been aborted because of either a thread exit or an application request..
 ---> System.Net.Sockets.SocketException (995): The I/O operation has been aborted because of either a thread exit or an application request.
   --- End of inner exception stack trace ---
   at System.Net.Sockets.Socket.AwaitableSocketAsyncEventArgs.System.Threading.Tasks.Sources.IValueTaskSource<System.Int32>.GetResult(Int16 token)
   at System.Net.Security.SslStream.EnsureFullTlsFrameAsync[TIOAdapter](CancellationToken cancellationToken, Int32 estimatedSize)
   at System.Runtime.CompilerServices.PoolingAsyncValueTaskMethodBuilder`1.StateMachineBox`1.System.Threading.Tasks.Sources.IValueTaskSource<TResult>.GetResult(Int16 token)
   at System.Net.Security.SslStream.ReadAsyncInternal[TIOAdapter](Memory`1 buffer, CancellationToken cancellationToken)
   at System.Runtime.CompilerServices.PoolingAsyncValueTaskMethodBuilder`1.StateMachineBox`1.System.Threading.Tasks.Sources.IValueTaskSource<TResult>.GetResult(Int16 token)
   at System.Net.Http.HttpConnection.InitialFillAsync(Boolean async)
   at System.Net.Http.HttpConnection.SendAsync(HttpRequestMessage request, Boolean async, CancellationToken cancellationToken)
   --- End of inner exception stack trace ---
   at System.Net.Http.HttpConnection.SendAsync(HttpRequestMessage request, Boolean async, CancellationToken cancellationToken)
   at System.Net.Http.AuthenticationHelper.SendWithNtAuthAsync(HttpRequestMessage request, Uri authUri, Boolean async, ICredentials credentials, Boolean isProxyAuth, HttpConnection connection, HttpConnectionPool connectionPool, CancellationToken cancellationToken)
   at System.Net.Http.HttpConnectionPool.SendWithVersionDetectionAndRetryAsync(HttpRequestMessage request, Boolean async, Boolean doRequestAuth, CancellationToken cancellationToken)
   at System.Net.Http.AuthenticationHelper.SendWithAuthAsync(HttpRequestMessage request, Uri authUri, Boolean async, ICredentials credentials, Boolean preAuthenticate, Boolean isProxyAuth, Boolean doRequestAuth, HttpConnectionPool pool, CancellationToken cancellationToken)
   at System.Net.Http.RedirectHandler.SendAsync(HttpRequestMessage request, Boolean async, CancellationToken cancellationToken)
   at GitHub.Services.Common.RawHttpMessageHandler.SendAsync(HttpRequestMessage request, CancellationToken cancellationToken)
   at GitHub.Services.Common.VssHttpRetryMessageHandler.SendAsync(HttpRequestMessage request, CancellationToken cancellationToken)
   at System.Net.Http.HttpClient.<SendAsync>g__Core|83_0(HttpRequestMessage request, HttpCompletionOption completionOption, CancellationTokenSource cts, Boolean disposeCts, CancellationTokenSource pendingRequestsCts, CancellationToken originalCancellationToken)
   --- End of inner exception stack trace ---
   at System.Net.Http.HttpClient.HandleFailure(Exception e, Boolean telemetryStarted, HttpResponseMessage response, CancellationTokenSource cts, CancellationToken cancellationToken, CancellationTokenSource pendingRequestsCts)
   at System.Net.Http.HttpClient.<SendAsync>g__Core|83_0(HttpRequestMessage request, HttpCompletionOption completionOption, CancellationTokenSource cts, Boolean disposeCts, CancellationTokenSource pendingRequestsCts, CancellationToken originalCancellationToken)
   at Sdk.WebApi.WebApi.RawHttpClientBase.SendAsync(HttpRequestMessage message, HttpCompletionOption completionOption, Object userState, CancellationToken cancellationToken)
   at Sdk.WebApi.WebApi.RawHttpClientBase.SendAsync[T](HttpRequestMessage message, Boolean readErrorBody, Object userState, CancellationToken cancellationToken)
   at Sdk.WebApi.WebApi.RawHttpClientBase.SendAsync[T](HttpMethod method, IEnumerable`1 additionalHeaders, Uri requestUri, HttpContent content, IEnumerable`1 queryParameters, Boolean readErrorBody, Object userState, CancellationToken cancellationToken)
   at GitHub.Actions.RunService.WebApi.BrokerHttpClient.GetRunnerMessageAsync(Nullable`1 sessionId, String runnerVersion, Nullable`1 status, String os, String architecture, Nullable`1 disableUpdate, CancellationToken cancellationToken)
   at GitHub.Runner.Common.BrokerServer.<>c__DisplayClass7_0.<<GetRunnerMessageAsync>b__0>d.MoveNext()
--- End of stack trace from previous location ---
   at GitHub.Runner.Common.RunnerService.RetryRequest[T](Func`1 func, CancellationToken cancellationToken, Int32 maxRetryAttemptsCount, Func`2 shouldRetry)
[2025-08-12 09:56:11Z ERR  BrokerServer] #####################################################
[2025-08-12 09:56:11Z ERR  BrokerServer] System.Threading.Tasks.TaskCanceledException: The operation was canceled.
 ---> System.IO.IOException: Unable to read data from the transport connection: The I/O operation has been aborted because of either a thread exit or an application request..
 ---> System.Net.Sockets.SocketException (995): The I/O operation has been aborted because of either a thread exit or an application request.
   --- End of inner exception stack trace ---
   at System.Net.Sockets.Socket.AwaitableSocketAsyncEventArgs.System.Threading.Tasks.Sources.IValueTaskSource<System.Int32>.GetResult(Int16 token)
   at System.Net.Security.SslStream.EnsureFullTlsFrameAsync[TIOAdapter](CancellationToken cancellationToken, Int32 estimatedSize)
   at System.Runtime.CompilerServices.PoolingAsyncValueTaskMethodBuilder`1.StateMachineBox`1.System.Threading.Tasks.Sources.IValueTaskSource<TResult>.GetResult(Int16 token)
   at System.Net.Security.SslStream.ReadAsyncInternal[TIOAdapter](Memory`1 buffer, CancellationToken cancellationToken)
   at System.Runtime.CompilerServices.PoolingAsyncValueTaskMethodBuilder`1.StateMachineBox`1.System.Threading.Tasks.Sources.IValueTaskSource<TResult>.GetResult(Int16 token)
   at System.Net.Http.HttpConnection.InitialFillAsync(Boolean async)
   at System.Net.Http.HttpConnection.SendAsync(HttpRequestMessage request, Boolean async, CancellationToken cancellationToken)
   --- End of inner exception stack trace ---
   at System.Net.Http.HttpConnection.SendAsync(HttpRequestMessage request, Boolean async, CancellationToken cancellationToken)
   at System.Net.Http.AuthenticationHelper.SendWithNtAuthAsync(HttpRequestMessage request, Uri authUri, Boolean async, ICredentials credentials, Boolean isProxyAuth, HttpConnection connection, HttpConnectionPool connectionPool, CancellationToken cancellationToken)
   at System.Net.Http.HttpConnectionPool.SendWithVersionDetectionAndRetryAsync(HttpRequestMessage request, Boolean async, Boolean doRequestAuth, CancellationToken cancellationToken)
   at System.Net.Http.AuthenticationHelper.SendWithAuthAsync(HttpRequestMessage request, Uri authUri, Boolean async, ICredentials credentials, Boolean preAuthenticate, Boolean isProxyAuth, Boolean doRequestAuth, HttpConnectionPool pool, CancellationToken cancellationToken)
   at System.Net.Http.RedirectHandler.SendAsync(HttpRequestMessage request, Boolean async, CancellationToken cancellationToken)
   at GitHub.Services.Common.RawHttpMessageHandler.SendAsync(HttpRequestMessage request, CancellationToken cancellationToken)
   at GitHub.Services.Common.VssHttpRetryMessageHandler.SendAsync(HttpRequestMessage request, CancellationToken cancellationToken)
   at System.Net.Http.HttpClient.<SendAsync>g__Core|83_0(HttpRequestMessage request, HttpCompletionOption completionOption, CancellationTokenSource cts, Boolean disposeCts, CancellationTokenSource pendingRequestsCts, CancellationToken originalCancellationToken)
[2025-08-12 09:56:11Z ERR  BrokerServer] #####################################################
[2025-08-12 09:56:11Z ERR  BrokerServer] System.IO.IOException: Unable to read data from the transport connection: The I/O operation has been aborted because of either a thread exit or an application request..
 ---> System.Net.Sockets.SocketException (995): The I/O operation has been aborted because of either a thread exit or an application request.
   --- End of inner exception stack trace ---
   at System.Net.Sockets.Socket.AwaitableSocketAsyncEventArgs.System.Threading.Tasks.Sources.IValueTaskSource<System.Int32>.GetResult(Int16 token)
   at System.Net.Security.SslStream.EnsureFullTlsFrameAsync[TIOAdapter](CancellationToken cancellationToken, Int32 estimatedSize)
   at System.Runtime.CompilerServices.PoolingAsyncValueTaskMethodBuilder`1.StateMachineBox`1.System.Threading.Tasks.Sources.IValueTaskSource<TResult>.GetResult(Int16 token)
   at System.Net.Security.SslStream.ReadAsyncInternal[TIOAdapter](Memory`1 buffer, CancellationToken cancellationToken)
   at System.Runtime.CompilerServices.PoolingAsyncValueTaskMethodBuilder`1.StateMachineBox`1.System.Threading.Tasks.Sources.IValueTaskSource<TResult>.GetResult(Int16 token)
   at System.Net.Http.HttpConnection.InitialFillAsync(Boolean async)
   at System.Net.Http.HttpConnection.SendAsync(HttpRequestMessage request, Boolean async, CancellationToken cancellationToken)
[2025-08-12 09:56:11Z ERR  BrokerServer] #####################################################
[2025-08-12 09:56:11Z ERR  BrokerServer] System.Net.Sockets.SocketException (995): The I/O operation has been aborted because of either a thread exit or an application request.
[2025-08-12 09:56:11Z WARN BrokerServer] Back off 8.155 seconds before next retry. 4 attempt left.
[2025-08-12 09:56:11Z INFO BrokerMessageListener] Get next message has been cancelled.
[2025-08-12 09:56:11Z INFO JobDispatcher] Shutting down JobDispatcher. Make sure all WorkerDispatcher has finished.
[2025-08-12 09:56:11Z INFO JobDispatcher] Ensure WorkerDispatcher for job d80fde46-72cc-5b2e-a17b-2d52381e584e run to finish, cancel any running job.
[2025-08-12 09:56:11Z INFO JobDispatcher] Job request d80fde46-72cc-5b2e-a17b-2d52381e584e processed succeed.
[2025-08-12 09:56:11Z INFO Runner] Deleting Runner Session...
[2025-08-12 09:56:11Z INFO Listener] Runner execution been cancelled.
