[2025-08-12 07:50:12Z INFO HostContext] No proxy settings were found based on environmental variables (http_proxy/https_proxy/HTTP_PROXY/HTTPS_PROXY)
[2025-08-12 07:50:12Z INFO HostContext] Well known directory 'Bin': 'C:\Users\LENOVO\Desktop\Internship\Task 6\actions-runner\bin'
[2025-08-12 07:50:12Z INFO HostContext] Well known directory 'Root': 'C:\Users\LENOVO\Desktop\Internship\Task 6\actions-runner'
[2025-08-12 07:50:12Z INFO HostContext] Well known config file 'Credentials': 'C:\Users\LENOVO\Desktop\Internship\Task 6\actions-runner\.credentials'
[2025-08-12 07:50:12Z INFO HostContext] Well known directory 'Bin': 'C:\Users\LENOVO\Desktop\Internship\Task 6\actions-runner\bin'
[2025-08-12 07:50:12Z INFO HostContext] Well known directory 'Root': 'C:\Users\LENOVO\Desktop\Internship\Task 6\actions-runner'
[2025-08-12 07:50:12Z INFO HostContext] Well known config file 'Runner': 'C:\Users\LENOVO\Desktop\Internship\Task 6\actions-runner\.runner'
[2025-08-12 07:50:12Z INFO Worker] Version: 2.327.1
[2025-08-12 07:50:12Z INFO Worker] Commit: 9513afd82fbc900d13362cdd4fcdab0538f5124e
[2025-08-12 07:50:12Z INFO Worker] Culture: en-US
[2025-08-12 07:50:12Z INFO Worker] UI Culture: en-US
[2025-08-12 07:50:12Z INFO Worker] Waiting to receive the job message from the channel.
[2025-08-12 07:50:12Z INFO ProcessChannel] Receiving message of length 19008, with hash '664f30394f1a473a01567899dbc3f6f774371ab970718eb931729ca32623f3cc'
[2025-08-12 07:50:12Z INFO Worker] Message received.
[2025-08-12 07:50:12Z INFO Worker] Job message:
 {
  "fileTable": [
    ".github/workflows/docker-publish.yml"
  ],
  "mask": [
    {
      "type": "regex",
      "value": "***"
    },
    {
      "type": "regex",
      "value": "***"
    },
    {
      "type": "regex",
      "value": "***"
    },
    {
      "type": "regex",
      "value": "***"
    },
    {
      "type": "regex",
      "value": "***"
    },
    {
      "type": "regex",
      "value": "***"
    },
    {
      "type": "regex",
      "value": "***"
    },
    {
      "type": "regex",
      "value": "***"
    },
    {
      "type": "regex",
      "value": "***"
    },
    {
      "type": "regex",
      "value": "***"
    },
    {
      "type": "regex",
      "value": "***"
    },
    {
      "type": "regex",
      "value": "***"
    },
    {
      "type": "regex",
      "value": "***"
    },
    {
      "type": "regex",
      "value": "***"
    },
    {
      "type": "regex",
      "value": "***"
    },
    {
      "type": "regex",
      "value": "***"
    },
    {
      "type": "regex",
      "value": "***"
    },
    {
      "type": "regex",
      "value": "***"
    }
  ],
  "steps": [
    {
      "type": "action",
      "reference": {
        "type": "script"
      },
      "displayNameToken": {
        "type": 0,
        "file": 1,
        "line": 28,
        "col": 15,
        "lit": "🚀 Deploy to Minikube"
      },
      "contextName": "__run",
      "inputs": {
        "type": 2,
        "map": [
          {
            "key": "script",
            "value": {
              "type": 0,
              "file": 1,
              "line": 29,
              "col": 14,
              "lit": "kubectl set image deployment/flask-app flask-container=ibrahimgulbutt/ci-cd-testing:latest"
            }
          }
        ]
      },
      "condition": "success()",
      "id": "7ccd47c8-d302-4870-8d7f-5c91c186bd48",
      "name": "__run"
    }
  ],
  "variables": {
    "Actions.EnableHttpRedirects": {
      "value": "true"
    },
    "DistributedTask.AddWarningToNode12Action": {
      "value": "true"
    },
    "DistributedTask.AddWarningToNode16Action": {
      "value": "true"
    },
    "DistributedTask.AllowRunnerContainerHooks": {
      "value": "true"
    },
    "DistributedTask.DeprecateStepOutputCommands": {
      "value": "true"
    },
    "DistributedTask.DetailUntarFailure": {
      "value": "true"
    },
    "DistributedTask.EnableCompositeActions": {
      "value": "true"
    },
    "DistributedTask.EnableJobServerQueueTelemetry": {
      "value": "true"
    },
    "DistributedTask.EnhancedAnnotations": {
      "value": "true"
    },
    "DistributedTask.ForceGithubJavascriptActionsToNode16": {
      "value": "true"
    },
    "DistributedTask.ForceGithubJavascriptActionsToNode20": {
      "value": "true"
    },
    "DistributedTask.LogTemplateErrorsAsDebugMessages": {
      "value": "true"
    },
    "DistributedTask.MarkJobAsFailedOnWorkerCrash": {
      "value": "true"
    },
    "DistributedTask.NewActionMetadata": {
      "value": "true"
    },
    "DistributedTask.UploadStepSummary": {
      "value": "true"
    },
    "DistributedTask.UseActionArchiveCache": {
      "value": "true"
    },
    "DistributedTask.UseWhich2": {
      "value": "true"
    },
    "RunService.FixEmbeddedIssues": {
      "value": "true"
    },
    "actions_add_check_run_id_to_job_context": {
      "value": "false"
    },
    "actions_display_helpful_actions_download_errors": {
      "value": "true"
    },
    "actions_skip_retry_complete_job_upon_known_errors": {
      "value": "true"
    },
    "actions_uses_cache_service_v2": {
      "value": "true"
    },
    "github_token": {
      "value": "***",
      "isSecret": true
    },
    "system.from_run_service": {
      "value": "true"
    },
    "system.github.job": {
      "value": "deploy"
    },
    "system.github.launch_endpoint": {
      "value": "https://launch.actions.githubusercontent.com"
    },
    "system.github.results_endpoint": {
      "value": "https://results-receiver.actions.githubusercontent.com/"
    },
    "system.github.results_upload_with_sdk": {
      "value": "true"
    },
    "system.github.token": {
      "value": "***",
      "isSecret": true
    },
    "system.github.token.permissions": {
      "value": "{\"Contents\":\"read\",\"Metadata\":\"read\",\"Packages\":\"read\"}"
    },
    "system.orchestrationId": {
      "value": "95eb5e2c-cbbd-4ecc-a6b7-4a123e406547.deploy.__default"
    },
    "system.phaseDisplayName": {
      "value": "deploy"
    },
    "system.runner.lowdiskspacethreshold": {
      "value": "100"
    },
    "system.runnerEnvironment": {
      "value": "self-hosted"
    },
    "system.runnerGroupName": {
      "value": "Default"
    }
  },
  "messageType": "RunnerJobRequest",
  "plan": {
    "scopeIdentifier": "00000000-0000-0000-0000-000000000000",
    "planType": "actions",
    "version": 0,
    "planId": "95eb5e2c-cbbd-4ecc-a6b7-4a123e406547",
    "planGroup": null,
    "artifactUri": null,
    "artifactLocation": null,
    "definition": null,
    "owner": null
  },
  "timeline": {
    "id": "95eb5e2c-cbbd-4ecc-a6b7-4a123e406547",
    "changeId": 0,
    "location": null
  },
  "jobId": "d80fde46-72cc-5b2e-a17b-2d52381e584e",
  "jobDisplayName": "deploy",
  "jobName": "__default",
  "requestId": 0,
  "lockedUntil": "0001-01-01T00:00:00",
  "resources": {
    "endpoints": [
      {
        "data": {
          "ServerId": "",
          "ServerName": "",
          "CacheServerUrl": "https://artifactcache.actions.githubusercontent.com/wWzhoJXxjmBVCpoVdeZ1PMdTeJOdJEg4WIfpuytnPpqZGDRRal/",
          "FeedStreamUrl": "wss://results-receiver.actions.githubusercontent.com/_ws/ingest.sock",
          "ResultsServiceUrl": "https://results-receiver.actions.githubusercontent.com/",
          "PipelinesServiceUrl": "https://pipelinesghubeus3.actions.githubusercontent.com/wWzhoJXxjmBVCpoVdeZ1PMdTeJOdJEg4WIfpuytnPpqZGDRRal/",
          "GenerateIdTokenUrl": ""
        },
        "name": "SystemVssConnection",
        "url": "https://run-actions-1-azure-eastus.actions.githubusercontent.com/44/",
        "authorization": {
          "parameters": {
            "AccessToken": "***"
          },
          "scheme": "OAuth"
        },
        "isShared": false,
        "isReady": true
      }
    ]
  },
  "contextData": {
    "github": {
      "t": 2,
      "d": [
        {
          "k": "ref",
          "v": "refs/heads/master"
        },
        {
          "k": "sha",
          "v": "d9e1a14adb7cb09d6d06f1a5b63b775419fcce1b"
        },
        {
          "k": "repository",
          "v": "ibrahimgulbutt/ci-cd-testing"
        },
        {
          "k": "repository_owner",
          "v": "ibrahimgulbutt"
        },
        {
          "k": "repository_owner_id",
          "v": "130839254"
        },
        {
          "k": "repositoryUrl",
          "v": "git://github.com/ibrahimgulbutt/ci-cd-testing.git"
        },
        {
          "k": "run_id",
          "v": "16902516084"
        },
        {
          "k": "run_number",
          "v": "5"
        },
        {
          "k": "retention_days",
          "v": "90"
        },
        {
          "k": "run_attempt",
          "v": "1"
        },
        {
          "k": "artifact_cache_size_limit",
          "v": "10"
        },
        {
          "k": "repository_visibility",
          "v": "public"
        },
        {
          "k": "actor_id",
          "v": "130839254"
        },
        {
          "k": "actor",
          "v": "ibrahimgulbutt"
        },
        {
          "k": "workflow",
          "v": "🚀 Build & Push Docker Image"
        },
        {
          "k": "head_ref",
          "v": ""
        },
        {
          "k": "base_ref",
          "v": ""
        },
        {
          "k": "event_name",
          "v": "push"
        },
        {
          "k": "server_url",
          "v": "https://github.com"
        },
        {
          "k": "api_url",
          "v": "https://api.github.com"
        },
        {
          "k": "graphql_url",
          "v": "https://api.github.com/graphql"
        },
        {
          "k": "ref_name",
          "v": "master"
        },
        {
          "k": "ref_protected",
          "v": false
        },
        {
          "k": "ref_type",
          "v": "branch"
        },
        {
          "k": "secret_source",
          "v": "Actions"
        },
        {
          "k": "event",
          "v": {
            "t": 2,
            "d": [
              {
                "k": "after",
                "v": "d9e1a14adb7cb09d6d06f1a5b63b775419fcce1b"
              },
              {
                "k": "base_ref",
                "v": null
              },
              {
                "k": "before",
                "v": "e839f61ab238ced0f73e7d53f8c1614b19237cc5"
              },
              {
                "k": "commits",
                "v": {
                  "t": 1,
                  "a": [
                    {
                      "t": 2,
                      "d": [
                        {
                          "k": "author",
                          "v": {
                            "t": 2,
                            "d": [
                              {
                                "k": "email",
                                "v": "ibrahimgulbutt242@gmail.com"
                              },
                              {
                                "k": "name",
                                "v": "ibrahimgulbutt"
                              },
                              {
                                "k": "username",
                                "v": "ibrahimgulbutt"
                              }
                            ]
                          }
                        },
                        {
                          "k": "committer",
                          "v": {
                            "t": 2,
                            "d": [
                              {
                                "k": "email",
                                "v": "ibrahimgulbutt242@gmail.com"
                              },
                              {
                                "k": "name",
                                "v": "ibrahimgulbutt"
                              },
                              {
                                "k": "username",
                                "v": "ibrahimgulbutt"
                              }
                            ]
                          }
                        },
                        {
                          "k": "distinct",
                          "v": true
                        },
                        {
                          "k": "id",
                          "v": "d9e1a14adb7cb09d6d06f1a5b63b775419fcce1b"
                        },
                        {
                          "k": "message",
                          "v": "Fix container name in deployment"
                        },
                        {
                          "k": "timestamp",
                          "v": "2025-08-12T12:49:26+05:00"
                        },
                        {
                          "k": "tree_id",
                          "v": "936897c20ccb1c9d6b8ea2bbb01a68da4f3de844"
                        },
                        {
                          "k": "url",
                          "v": "https://github.com/ibrahimgulbutt/ci-cd-testing/commit/d9e1a14adb7cb09d6d06f1a5b63b775419fcce1b"
                        }
                      ]
                    }
                  ]
                }
              },
              {
                "k": "compare",
                "v": "https://github.com/ibrahimgulbutt/ci-cd-testing/compare/e839f61ab238...d9e1a14adb7c"
              },
              {
                "k": "created",
                "v": false
              },
              {
                "k": "deleted",
                "v": false
              },
              {
                "k": "forced",
                "v": false
              },
              {
                "k": "head_commit",
                "v": {
                  "t": 2,
                  "d": [
                    {
                      "k": "author",
                      "v": {
                        "t": 2,
                        "d": [
                          {
                            "k": "email",
                            "v": "ibrahimgulbutt242@gmail.com"
                          },
                          {
                            "k": "name",
                            "v": "ibrahimgulbutt"
                          },
                          {
                            "k": "username",
                            "v": "ibrahimgulbutt"
                          }
                        ]
                      }
                    },
                    {
                      "k": "committer",
                      "v": {
                        "t": 2,
                        "d": [
                          {
                            "k": "email",
                            "v": "ibrahimgulbutt242@gmail.com"
                          },
                          {
                            "k": "name",
                            "v": "ibrahimgulbutt"
                          },
                          {
                            "k": "username",
                            "v": "ibrahimgulbutt"
                          }
                        ]
                      }
                    },
                    {
                      "k": "distinct",
                      "v": true
                    },
                    {
                      "k": "id",
                      "v": "d9e1a14adb7cb09d6d06f1a5b63b775419fcce1b"
                    },
                    {
                      "k": "message",
                      "v": "Fix container name in deployment"
                    },
                    {
                      "k": "timestamp",
                      "v": "2025-08-12T12:49:26+05:00"
                    },
                    {
                      "k": "tree_id",
                      "v": "936897c20ccb1c9d6b8ea2bbb01a68da4f3de844"
                    },
                    {
                      "k": "url",
                      "v": "https://github.com/ibrahimgulbutt/ci-cd-testing/commit/d9e1a14adb7cb09d6d06f1a5b63b775419fcce1b"
                    }
                  ]
                }
              },
              {
                "k": "pusher",
                "v": {
                  "t": 2,
                  "d": [
                    {
                      "k": "email",
                      "v": "130839254+ibrahimgulbutt@users.noreply.github.com"
                    },
                    {
                      "k": "name",
                      "v": "ibrahimgulbutt"
                    }
                  ]
                }
              },
              {
                "k": "ref",
                "v": "refs/heads/master"
              },
              {
                "k": "repository",
                "v": {
                  "t": 2,
                  "d": [
                    {
                      "k": "allow_forking",
                      "v": true
                    },
                    {
                      "k": "archive_url",
                      "v": "https://api.github.com/repos/ibrahimgulbutt/ci-cd-testing/{archive_format}{/ref}"
                    },
                    {
                      "k": "archived",
                      "v": false
                    },
                    {
                      "k": "assignees_url",
                      "v": "https://api.github.com/repos/ibrahimgulbutt/ci-cd-testing/assignees{/user}"
                    },
                    {
                      "k": "blobs_url",
                      "v": "https://api.github.com/repos/ibrahimgulbutt/ci-cd-testing/git/blobs{/sha}"
                    },
                    {
                      "k": "branches_url",
                      "v": "https://api.github.com/repos/ibrahimgulbutt/ci-cd-testing/branches{/branch}"
                    },
                    {
                      "k": "clone_url",
                      "v": "https://github.com/ibrahimgulbutt/ci-cd-testing.git"
                    },
                    {
                      "k": "collaborators_url",
                      "v": "https://api.github.com/repos/ibrahimgulbutt/ci-cd-testing/collaborators{/collaborator}"
                    },
                    {
                      "k": "comments_url",
                      "v": "https://api.github.com/repos/ibrahimgulbutt/ci-cd-testing/comments{/number}"
                    },
                    {
                      "k": "commits_url",
                      "v": "https://api.github.com/repos/ibrahimgulbutt/ci-cd-testing/commits{/sha}"
                    },
                    {
                      "k": "compare_url",
                      "v": "https://api.github.com/repos/ibrahimgulbutt/ci-cd-testing/compare/{base}...{head}"
                    },
                    {
                      "k": "contents_url",
                      "v": "https://api.github.com/repos/ibrahimgulbutt/ci-cd-testing/contents/{+path}"
                    },
                    {
                      "k": "contributors_url",
                      "v": "https://api.github.com/repos/ibrahimgulbutt/ci-cd-testing/contributors"
                    },
                    {
                      "k": "created_at",
                      "v": 1753860280.0
                    },
                    {
                      "k": "default_branch",
                      "v": "master"
                    },
                    {
                      "k": "deployments_url",
                      "v": "https://api.github.com/repos/ibrahimgulbutt/ci-cd-testing/deployments"
                    },
                    {
                      "k": "description",
                      "v": null
                    },
                    {
                      "k": "disabled",
                      "v": false
                    },
                    {
                      "k": "downloads_url",
                      "v": "https://api.github.com/repos/ibrahimgulbutt/ci-cd-testing/downloads"
                    },
                    {
                      "k": "events_url",
                      "v": "https://api.github.com/repos/ibrahimgulbutt/ci-cd-testing/events"
                    },
                    {
                      "k": "fork",
                      "v": false
                    },
                    {
                      "k": "forks",
                      "v": 0.0
                    },
                    {
                      "k": "forks_count",
                      "v": 0.0
                    },
                    {
                      "k": "forks_url",
                      "v": "https://api.github.com/repos/ibrahimgulbutt/ci-cd-testing/forks"
                    },
                    {
                      "k": "full_name",
                      "v": "ibrahimgulbutt/ci-cd-testing"
                    },
                    {
                      "k": "git_commits_url",
                      "v": "https://api.github.com/repos/ibrahimgulbutt/ci-cd-testing/git/commits{/sha}"
                    },
                    {
                      "k": "git_refs_url",
                      "v": "https://api.github.com/repos/ibrahimgulbutt/ci-cd-testing/git/refs{/sha}"
                    },
                    {
                      "k": "git_tags_url",
                      "v": "https://api.github.com/repos/ibrahimgulbutt/ci-cd-testing/git/tags{/sha}"
                    },
                    {
                      "k": "git_url",
                      "v": "git://github.com/ibrahimgulbutt/ci-cd-testing.git"
                    },
                    {
                      "k": "has_discussions",
                      "v": false
                    },
                    {
                      "k": "has_downloads",
                      "v": true
                    },
                    {
                      "k": "has_issues",
                      "v": true
                    },
                    {
                      "k": "has_pages",
                      "v": false
                    },
                    {
                      "k": "has_projects",
                      "v": true
                    },
                    {
                      "k": "has_wiki",
                      "v": true
                    },
                    {
                      "k": "homepage",
                      "v": null
                    },
                    {
                      "k": "hooks_url",
                      "v": "https://api.github.com/repos/ibrahimgulbutt/ci-cd-testing/hooks"
                    },
                    {
                      "k": "html_url",
                      "v": "https://github.com/ibrahimgulbutt/ci-cd-testing"
                    },
                    {
                      "k": "id",
                      "v": 1028871120.0
                    },
                    {
                      "k": "is_template",
                      "v": false
                    },
                    {
                      "k": "issue_comment_url",
                      "v": "https://api.github.com/repos/ibrahimgulbutt/ci-cd-testing/issues/comments{/number}"
                    },
                    {
                      "k": "issue_events_url",
                      "v": "https://api.github.com/repos/ibrahimgulbutt/ci-cd-testing/issues/events{/number}"
                    },
                    {
                      "k": "issues_url",
                      "v": "https://api.github.com/repos/ibrahimgulbutt/ci-cd-testing/issues{/number}"
                    },
                    {
                      "k": "keys_url",
                      "v": "https://api.github.com/repos/ibrahimgulbutt/ci-cd-testing/keys{/key_id}"
                    },
                    {
                      "k": "labels_url",
                      "v": "https://api.github.com/repos/ibrahimgulbutt/ci-cd-testing/labels{/name}"
                    },
                    {
                      "k": "language",
                      "v": "JavaScript"
                    },
                    {
                      "k": "languages_url",
                      "v": "https://api.github.com/repos/ibrahimgulbutt/ci-cd-testing/languages"
                    },
                    {
                      "k": "license",
                      "v": null
                    },
                    {
                      "k": "master_branch",
                      "v": "master"
                    },
                    {
                      "k": "merges_url",
                      "v": "https://api.github.com/repos/ibrahimgulbutt/ci-cd-testing/merges"
                    },
                    {
                      "k": "milestones_url",
                      "v": "https://api.github.com/repos/ibrahimgulbutt/ci-cd-testing/milestones{/number}"
                    },
                    {
                      "k": "mirror_url",
                      "v": null
                    },
                    {
                      "k": "name",
                      "v": "ci-cd-testing"
                    },
                    {
                      "k": "node_id",
                      "v": "R_kgDOPVNT0A"
                    },
                    {
                      "k": "notifications_url",
                      "v": "https://api.github.com/repos/ibrahimgulbutt/ci-cd-testing/notifications{?since,all,participating}"
                    },
                    {
                      "k": "open_issues",
                      "v": 0.0
                    },
                    {
                      "k": "open_issues_count",
                      "v": 0.0
                    },
                    {
                      "k": "owner",
                      "v": {
                        "t": 2,
                        "d": [
                          {
                            "k": "avatar_url",
                            "v": "https://avatars.githubusercontent.com/u/130839254?v=4"
                          },
                          {
                            "k": "email",
                            "v": "130839254+ibrahimgulbutt@users.noreply.github.com"
                          },
                          {
                            "k": "events_url",
                            "v": "https://api.github.com/users/ibrahimgulbutt/events{/privacy}"
                          },
                          {
                            "k": "followers_url",
                            "v": "https://api.github.com/users/ibrahimgulbutt/followers"
                          },
                          {
                            "k": "following_url",
                            "v": "https://api.github.com/users/ibrahimgulbutt/following{/other_user}"
                          },
                          {
                            "k": "gists_url",
                            "v": "https://api.github.com/users/ibrahimgulbutt/gists{/gist_id}"
                          },
                          {
                            "k": "gravatar_id",
                            "v": ""
                          },
                          {
                            "k": "html_url",
                            "v": "https://github.com/ibrahimgulbutt"
                          },
                          {
                            "k": "id",
                            "v": 130839254.0
                          },
                          {
                            "k": "login",
                            "v": "ibrahimgulbutt"
                          },
                          {
                            "k": "name",
                            "v": "ibrahimgulbutt"
                          },
                          {
                            "k": "node_id",
                            "v": "U_kgDOB8xy1g"
                          },
                          {
                            "k": "organizations_url",
                            "v": "https://api.github.com/users/ibrahimgulbutt/orgs"
                          },
                          {
                            "k": "received_events_url",
                            "v": "https://api.github.com/users/ibrahimgulbutt/received_events"
                          },
                          {
                            "k": "repos_url",
                            "v": "https://api.github.com/users/ibrahimgulbutt/repos"
                          },
                          {
                            "k": "site_admin",
                            "v": false
                          },
                          {
                            "k": "starred_url",
                            "v": "https://api.github.com/users/ibrahimgulbutt/starred{/owner}{/repo}"
                          },
                          {
                            "k": "subscriptions_url",
                            "v": "https://api.github.com/users/ibrahimgulbutt/subscriptions"
                          },
                          {
                            "k": "type",
                            "v": "User"
                          },
                          {
                            "k": "url",
                            "v": "https://api.github.com/users/ibrahimgulbutt"
                          },
                          {
                            "k": "user_view_type",
                            "v": "public"
                          }
                        ]
                      }
                    },
                    {
                      "k": "private",
                      "v": false
                    },
                    {
                      "k": "pulls_url",
                      "v": "https://api.github.com/repos/ibrahimgulbutt/ci-cd-testing/pulls{/number}"
                    },
                    {
                      "k": "pushed_at",
                      "v": 1754984970.0
                    },
                    {
                      "k": "releases_url",
                      "v": "https://api.github.com/repos/ibrahimgulbutt/ci-cd-testing/releases{/id}"
                    },
                    {
                      "k": "size",
                      "v": 5.0
                    },
                    {
                      "k": "ssh_url",
                      "v": "git@github.com:ibrahimgulbutt/ci-cd-testing.git"
                    },
                    {
                      "k": "stargazers",
                      "v": 0.0
                    },
                    {
                      "k": "stargazers_count",
                      "v": 0.0
                    },
                    {
                      "k": "stargazers_url",
                      "v": "https://api.github.com/repos/ibrahimgulbutt/ci-cd-testing/stargazers"
                    },
                    {
                      "k": "statuses_url",
                      "v": "https://api.github.com/repos/ibrahimgulbutt/ci-cd-testing/statuses/{sha}"
                    },
                    {
                      "k": "subscribers_url",
                      "v": "https://api.github.com/repos/ibrahimgulbutt/ci-cd-testing/subscribers"
                    },
                    {
                      "k": "subscription_url",
                      "v": "https://api.github.com/repos/ibrahimgulbutt/ci-cd-testing/subscription"
                    },
                    {
                      "k": "svn_url",
                      "v": "https://github.com/ibrahimgulbutt/ci-cd-testing"
                    },
                    {
                      "k": "tags_url",
                      "v": "https://api.github.com/repos/ibrahimgulbutt/ci-cd-testing/tags"
                    },
                    {
                      "k": "teams_url",
                      "v": "https://api.github.com/repos/ibrahimgulbutt/ci-cd-testing/teams"
                    },
                    {
                      "k": "topics",
                      "v": {
                        "t": 1
                      }
                    },
                    {
                      "k": "trees_url",
                      "v": "https://api.github.com/repos/ibrahimgulbutt/ci-cd-testing/git/trees{/sha}"
                    },
                    {
                      "k": "updated_at",
                      "v": "2025-08-12T07:46:26Z"
                    },
                    {
                      "k": "url",
                      "v": "https://api.github.com/repos/ibrahimgulbutt/ci-cd-testing"
                    },
                    {
                      "k": "visibility",
                      "v": "public"
                    },
                    {
                      "k": "watchers",
                      "v": 0.0
                    },
                    {
                      "k": "watchers_count",
                      "v": 0.0
                    },
                    {
                      "k": "web_commit_signoff_required",
                      "v": false
                    }
                  ]
                }
              },
              {
                "k": "sender",
                "v": {
                  "t": 2,
                  "d": [
                    {
                      "k": "avatar_url",
                      "v": "https://avatars.githubusercontent.com/u/130839254?v=4"
                    },
                    {
                      "k": "events_url",
                      "v": "https://api.github.com/users/ibrahimgulbutt/events{/privacy}"
                    },
                    {
                      "k": "followers_url",
                      "v": "https://api.github.com/users/ibrahimgulbutt/followers"
                    },
                    {
                      "k": "following_url",
                      "v": "https://api.github.com/users/ibrahimgulbutt/following{/other_user}"
                    },
                    {
                      "k": "gists_url",
                      "v": "https://api.github.com/users/ibrahimgulbutt/gists{/gist_id}"
                    },
                    {
                      "k": "gravatar_id",
                      "v": ""
                    },
                    {
                      "k": "html_url",
                      "v": "https://github.com/ibrahimgulbutt"
                    },
                    {
                      "k": "id",
                      "v": 130839254.0
                    },
                    {
                      "k": "login",
                      "v": "ibrahimgulbutt"
                    },
                    {
                      "k": "node_id",
                      "v": "U_kgDOB8xy1g"
                    },
                    {
                      "k": "organizations_url",
                      "v": "https://api.github.com/users/ibrahimgulbutt/orgs"
                    },
                    {
                      "k": "received_events_url",
                      "v": "https://api.github.com/users/ibrahimgulbutt/received_events"
                    },
                    {
                      "k": "repos_url",
                      "v": "https://api.github.com/users/ibrahimgulbutt/repos"
                    },
                    {
                      "k": "site_admin",
                      "v": false
                    },
                    {
                      "k": "starred_url",
                      "v": "https://api.github.com/users/ibrahimgulbutt/starred{/owner}{/repo}"
                    },
                    {
                      "k": "subscriptions_url",
                      "v": "https://api.github.com/users/ibrahimgulbutt/subscriptions"
                    },
                    {
                      "k": "type",
                      "v": "User"
                    },
                    {
                      "k": "url",
                      "v": "https://api.github.com/users/ibrahimgulbutt"
                    },
                    {
                      "k": "user_view_type",
                      "v": "public"
                    }
                  ]
                }
              }
            ]
          }
        },
        {
          "k": "workflow_ref",
          "v": "ibrahimgulbutt/ci-cd-testing/.github/workflows/docker-publish.yml@refs/heads/master"
        },
        {
          "k": "workflow_sha",
          "v": "d9e1a14adb7cb09d6d06f1a5b63b775419fcce1b"
        },
        {
          "k": "repository_id",
          "v": "1028871120"
        },
        {
          "k": "triggering_actor",
          "v": "ibrahimgulbutt"
        }
      ]
    },
    "inputs": {
      "t": 2
    },
    "matrix": null,
    "needs": {
      "t": 2,
      "d": [
        {
          "k": "build-and-push",
          "v": {
            "t": 2,
            "d": [
              {
                "k": "result",
                "v": "success"
              },
              {
                "k": "outputs",
                "v": {
                  "t": 2
                }
              }
            ]
          }
        }
      ]
    },
    "strategy": {
      "t": 2,
      "d": [
        {
          "k": "fail-fast",
          "v": true
        },
        {
          "k": "job-index",
          "v": 0.0
        },
        {
          "k": "job-total",
          "v": 1.0
        },
        {
          "k": "max-parallel",
          "v": 1.0
        }
      ]
    },
    "vars": {
      "t": 2
    }
  },
  "billingOwnerId": "U_kgDOB8xy1g"
}
[2025-08-12 07:50:12Z INFO JobRunner] Job ID d80fde46-72cc-5b2e-a17b-2d52381e584e
[2025-08-12 07:50:12Z INFO ConfigurationStore] currentAssemblyLocation: C:\Users\LENOVO\Desktop\Internship\Task 6\actions-runner\bin\Runner.Worker.dll
[2025-08-12 07:50:12Z INFO HostContext] Well known directory 'Bin': 'C:\Users\LENOVO\Desktop\Internship\Task 6\actions-runner\bin'
[2025-08-12 07:50:12Z INFO ConfigurationStore] binPath: C:\Users\LENOVO\Desktop\Internship\Task 6\actions-runner\bin
[2025-08-12 07:50:12Z INFO HostContext] Well known directory 'Bin': 'C:\Users\LENOVO\Desktop\Internship\Task 6\actions-runner\bin'
[2025-08-12 07:50:12Z INFO HostContext] Well known directory 'Root': 'C:\Users\LENOVO\Desktop\Internship\Task 6\actions-runner'
[2025-08-12 07:50:12Z INFO ConfigurationStore] RootFolder: C:\Users\LENOVO\Desktop\Internship\Task 6\actions-runner
[2025-08-12 07:50:12Z INFO HostContext] Well known directory 'Bin': 'C:\Users\LENOVO\Desktop\Internship\Task 6\actions-runner\bin'
[2025-08-12 07:50:12Z INFO HostContext] Well known directory 'Root': 'C:\Users\LENOVO\Desktop\Internship\Task 6\actions-runner'
[2025-08-12 07:50:12Z INFO HostContext] Well known config file 'Runner': 'C:\Users\LENOVO\Desktop\Internship\Task 6\actions-runner\.runner'
[2025-08-12 07:50:12Z INFO ConfigurationStore] ConfigFilePath: C:\Users\LENOVO\Desktop\Internship\Task 6\actions-runner\.runner
[2025-08-12 07:50:12Z INFO HostContext] Well known directory 'Bin': 'C:\Users\LENOVO\Desktop\Internship\Task 6\actions-runner\bin'
[2025-08-12 07:50:12Z INFO HostContext] Well known directory 'Root': 'C:\Users\LENOVO\Desktop\Internship\Task 6\actions-runner'
[2025-08-12 07:50:12Z INFO HostContext] Well known config file 'MigratedRunner': 'C:\Users\LENOVO\Desktop\Internship\Task 6\actions-runner\.runner_migrated'
[2025-08-12 07:50:12Z INFO ConfigurationStore] MigratedConfigFilePath: C:\Users\LENOVO\Desktop\Internship\Task 6\actions-runner\.runner_migrated
[2025-08-12 07:50:12Z INFO HostContext] Well known directory 'Bin': 'C:\Users\LENOVO\Desktop\Internship\Task 6\actions-runner\bin'
[2025-08-12 07:50:12Z INFO HostContext] Well known directory 'Root': 'C:\Users\LENOVO\Desktop\Internship\Task 6\actions-runner'
[2025-08-12 07:50:12Z INFO HostContext] Well known config file 'Credentials': 'C:\Users\LENOVO\Desktop\Internship\Task 6\actions-runner\.credentials'
[2025-08-12 07:50:12Z INFO ConfigurationStore] CredFilePath: C:\Users\LENOVO\Desktop\Internship\Task 6\actions-runner\.credentials
[2025-08-12 07:50:12Z INFO HostContext] Well known directory 'Bin': 'C:\Users\LENOVO\Desktop\Internship\Task 6\actions-runner\bin'
[2025-08-12 07:50:12Z INFO HostContext] Well known directory 'Root': 'C:\Users\LENOVO\Desktop\Internship\Task 6\actions-runner'
[2025-08-12 07:50:12Z INFO HostContext] Well known config file 'MigratedCredentials': 'C:\Users\LENOVO\Desktop\Internship\Task 6\actions-runner\.credentials_migrated'
[2025-08-12 07:50:12Z INFO ConfigurationStore] MigratedCredFilePath: C:\Users\LENOVO\Desktop\Internship\Task 6\actions-runner\.credentials_migrated
[2025-08-12 07:50:12Z INFO HostContext] Well known directory 'Bin': 'C:\Users\LENOVO\Desktop\Internship\Task 6\actions-runner\bin'
[2025-08-12 07:50:12Z INFO HostContext] Well known directory 'Root': 'C:\Users\LENOVO\Desktop\Internship\Task 6\actions-runner'
[2025-08-12 07:50:12Z INFO HostContext] Well known config file 'Service': 'C:\Users\LENOVO\Desktop\Internship\Task 6\actions-runner\.service'
[2025-08-12 07:50:12Z INFO ConfigurationStore] ServiceConfigFilePath: C:\Users\LENOVO\Desktop\Internship\Task 6\actions-runner\.service
[2025-08-12 07:50:12Z INFO ConfigurationStore] Read setting file: 407 chars
[2025-08-12 07:50:12Z INFO JobRunner] Initializing launch client
[2025-08-12 07:50:12Z INFO JobServerQueue] Initializing results client
[2025-08-12 07:50:12Z INFO ResultServer] Creating websocket client ...wss://results-receiver.actions.githubusercontent.com/_ws/ingest.sock
[2025-08-12 07:50:12Z INFO ResultServer] Attempting to start websocket client with delay 00:00:00.
[2025-08-12 07:50:12Z INFO JobServerQueue] Start process web console line queue.
[2025-08-12 07:50:12Z INFO JobServerQueue] Start process file upload queue.
[2025-08-12 07:50:12Z INFO JobServerQueue] Start results file upload queue.
[2025-08-12 07:50:12Z INFO JobServerQueue] Starting results-based upload queue...
[2025-08-12 07:50:12Z INFO JobServerQueue] Start process timeline update queue.
[2025-08-12 07:50:12Z INFO ExecutionContext] Initializing Job context
[2025-08-12 07:50:12Z INFO ExecutionContext] Initialize GitHub context
[2025-08-12 07:50:12Z INFO ExecutionContext] Initialize Env context
[2025-08-12 07:50:12Z INFO HostContext] Well known directory 'Bin': 'C:\Users\LENOVO\Desktop\Internship\Task 6\actions-runner\bin'
[2025-08-12 07:50:12Z INFO HostContext] Well known directory 'Root': 'C:\Users\LENOVO\Desktop\Internship\Task 6\actions-runner'
[2025-08-12 07:50:12Z INFO HostContext] Well known directory 'Diag': 'C:\Users\LENOVO\Desktop\Internship\Task 6\actions-runner\_diag'
[2025-08-12 07:50:12Z INFO HostContext] Well known directory 'Bin': 'C:\Users\LENOVO\Desktop\Internship\Task 6\actions-runner\bin'
[2025-08-12 07:50:12Z INFO HostContext] Well known directory 'Root': 'C:\Users\LENOVO\Desktop\Internship\Task 6\actions-runner'
[2025-08-12 07:50:12Z INFO HostContext] Well known directory 'Diag': 'C:\Users\LENOVO\Desktop\Internship\Task 6\actions-runner\_diag'
[2025-08-12 07:50:12Z INFO JobRunner] Starting the job execution context.
[2025-08-12 07:50:12Z INFO HostContext] Well known directory 'Bin': 'C:\Users\LENOVO\Desktop\Internship\Task 6\actions-runner\bin'
[2025-08-12 07:50:12Z INFO HostContext] Well known directory 'Root': 'C:\Users\LENOVO\Desktop\Internship\Task 6\actions-runner'
[2025-08-12 07:50:12Z INFO HostContext] Well known directory 'Work': 'C:\Users\LENOVO\Desktop\Internship\Task 6\actions-runner\_work'
[2025-08-12 07:50:12Z INFO JobRunner] Validating directory permissions for: 'C:\Users\LENOVO\Desktop\Internship\Task 6\actions-runner\_work'
[2025-08-12 07:50:12Z INFO HostContext] Well known directory 'Bin': 'C:\Users\LENOVO\Desktop\Internship\Task 6\actions-runner\bin'
[2025-08-12 07:50:12Z INFO HostContext] Well known directory 'Root': 'C:\Users\LENOVO\Desktop\Internship\Task 6\actions-runner'
[2025-08-12 07:50:12Z INFO HostContext] Well known directory 'Work': 'C:\Users\LENOVO\Desktop\Internship\Task 6\actions-runner\_work'
[2025-08-12 07:50:12Z INFO HostContext] Well known directory 'Tools': 'C:\Users\LENOVO\Desktop\Internship\Task 6\actions-runner\_work\_tool'
[2025-08-12 07:50:12Z INFO HostContext] Well known directory 'Bin': 'C:\Users\LENOVO\Desktop\Internship\Task 6\actions-runner\bin'
[2025-08-12 07:50:12Z INFO HostContext] Well known directory 'Root': 'C:\Users\LENOVO\Desktop\Internship\Task 6\actions-runner'
[2025-08-12 07:50:12Z INFO HostContext] Well known directory 'Work': 'C:\Users\LENOVO\Desktop\Internship\Task 6\actions-runner\_work'
[2025-08-12 07:50:12Z INFO HostContext] Well known directory 'Temp': 'C:\Users\LENOVO\Desktop\Internship\Task 6\actions-runner\_work\_temp'
[2025-08-12 07:50:12Z INFO JobRunner] Getting job extension.
[2025-08-12 07:50:12Z INFO JobRunner] Initialize job. Getting all job steps.
[2025-08-12 07:50:12Z INFO HostContext] Well known directory 'Bin': 'C:\Users\LENOVO\Desktop\Internship\Task 6\actions-runner\bin'
[2025-08-12 07:50:12Z INFO HostContext] Well known directory 'Root': 'C:\Users\LENOVO\Desktop\Internship\Task 6\actions-runner'
[2025-08-12 07:50:12Z INFO HostContext] Well known directory 'Diag': 'C:\Users\LENOVO\Desktop\Internship\Task 6\actions-runner\_diag'
[2025-08-12 07:50:12Z INFO HostContext] Well known directory 'Bin': 'C:\Users\LENOVO\Desktop\Internship\Task 6\actions-runner\bin'
[2025-08-12 07:50:12Z INFO HostContext] Well known directory 'Root': 'C:\Users\LENOVO\Desktop\Internship\Task 6\actions-runner'
[2025-08-12 07:50:12Z INFO HostContext] Well known directory 'Diag': 'C:\Users\LENOVO\Desktop\Internship\Task 6\actions-runner\_diag'
[2025-08-12 07:50:12Z INFO HostContext] Well known directory 'Bin': 'C:\Users\LENOVO\Desktop\Internship\Task 6\actions-runner\bin'
[2025-08-12 07:50:12Z INFO HostContext] Well known directory 'Root': 'C:\Users\LENOVO\Desktop\Internship\Task 6\actions-runner'
[2025-08-12 07:50:12Z INFO HostContext] Well known config file 'Credentials': 'C:\Users\LENOVO\Desktop\Internship\Task 6\actions-runner\.credentials'
[2025-08-12 07:50:12Z INFO HostContext] Well known directory 'Bin': 'C:\Users\LENOVO\Desktop\Internship\Task 6\actions-runner\bin'
[2025-08-12 07:50:12Z INFO HostContext] Well known directory 'Root': 'C:\Users\LENOVO\Desktop\Internship\Task 6\actions-runner'
[2025-08-12 07:50:12Z INFO HostContext] Well known config file 'SetupInfo': 'C:\Users\LENOVO\Desktop\Internship\Task 6\actions-runner\.setup_info'
[2025-08-12 07:50:12Z INFO HostContext] Well known directory 'Bin': 'C:\Users\LENOVO\Desktop\Internship\Task 6\actions-runner\bin'
[2025-08-12 07:50:12Z INFO HostContext] Well known directory 'Root': 'C:\Users\LENOVO\Desktop\Internship\Task 6\actions-runner'
[2025-08-12 07:50:12Z INFO HostContext] Well known directory 'Work': 'C:\Users\LENOVO\Desktop\Internship\Task 6\actions-runner\_work'
[2025-08-12 07:50:12Z INFO PipelineDirectoryManager] Loading tracking config if exists: C:\Users\LENOVO\Desktop\Internship\Task 6\actions-runner\_work\_PipelineMapping\ibrahimgulbutt/ci-cd-testing\PipelineFolder.json
[2025-08-12 07:50:12Z INFO PipelineDirectoryManager] Updating job run properties.
[2025-08-12 07:50:12Z INFO HostContext] Well known directory 'Bin': 'C:\Users\LENOVO\Desktop\Internship\Task 6\actions-runner\bin'
[2025-08-12 07:50:12Z INFO HostContext] Well known directory 'Root': 'C:\Users\LENOVO\Desktop\Internship\Task 6\actions-runner'
[2025-08-12 07:50:12Z INFO HostContext] Well known directory 'Work': 'C:\Users\LENOVO\Desktop\Internship\Task 6\actions-runner\_work'
[2025-08-12 07:50:12Z INFO HostContext] Well known directory 'Bin': 'C:\Users\LENOVO\Desktop\Internship\Task 6\actions-runner\bin'
[2025-08-12 07:50:12Z INFO HostContext] Well known directory 'Root': 'C:\Users\LENOVO\Desktop\Internship\Task 6\actions-runner'
[2025-08-12 07:50:12Z INFO HostContext] Well known directory 'Work': 'C:\Users\LENOVO\Desktop\Internship\Task 6\actions-runner\_work'
[2025-08-12 07:50:12Z INFO HostContext] Well known directory 'Bin': 'C:\Users\LENOVO\Desktop\Internship\Task 6\actions-runner\bin'
[2025-08-12 07:50:12Z INFO HostContext] Well known directory 'Root': 'C:\Users\LENOVO\Desktop\Internship\Task 6\actions-runner'
[2025-08-12 07:50:12Z INFO HostContext] Well known directory 'Work': 'C:\Users\LENOVO\Desktop\Internship\Task 6\actions-runner\_work'
[2025-08-12 07:50:12Z INFO JobExtension] Downloading actions
[2025-08-12 07:50:12Z INFO HostContext] Well known directory 'Bin': 'C:\Users\LENOVO\Desktop\Internship\Task 6\actions-runner\bin'
[2025-08-12 07:50:12Z INFO HostContext] Well known directory 'Root': 'C:\Users\LENOVO\Desktop\Internship\Task 6\actions-runner'
[2025-08-12 07:50:12Z INFO HostContext] Well known directory 'Work': 'C:\Users\LENOVO\Desktop\Internship\Task 6\actions-runner\_work'
[2025-08-12 07:50:12Z INFO HostContext] Well known directory 'Actions': 'C:\Users\LENOVO\Desktop\Internship\Task 6\actions-runner\_work\_actions'
[2025-08-12 07:50:12Z INFO JobExtension] Adding .
[2025-08-12 07:50:12Z INFO HostContext] Well known directory 'Bin': 'C:\Users\LENOVO\Desktop\Internship\Task 6\actions-runner\bin'
[2025-08-12 07:50:12Z INFO HostContext] Well known directory 'Root': 'C:\Users\LENOVO\Desktop\Internship\Task 6\actions-runner'
[2025-08-12 07:50:12Z INFO HostContext] Well known directory 'Diag': 'C:\Users\LENOVO\Desktop\Internship\Task 6\actions-runner\_diag'
[2025-08-12 07:50:12Z INFO HostContext] Well known directory 'Bin': 'C:\Users\LENOVO\Desktop\Internship\Task 6\actions-runner\bin'
[2025-08-12 07:50:12Z INFO HostContext] Well known directory 'Root': 'C:\Users\LENOVO\Desktop\Internship\Task 6\actions-runner'
[2025-08-12 07:50:12Z INFO HostContext] Well known directory 'Diag': 'C:\Users\LENOVO\Desktop\Internship\Task 6\actions-runner\_diag'
[2025-08-12 07:50:12Z INFO JobExtension] Total accessible running process: 343.
[2025-08-12 07:50:12Z INFO HostContext] Well known directory 'Bin': 'C:\Users\LENOVO\Desktop\Internship\Task 6\actions-runner\bin'
[2025-08-12 07:50:12Z INFO HostContext] Well known directory 'Root': 'C:\Users\LENOVO\Desktop\Internship\Task 6\actions-runner'
[2025-08-12 07:50:12Z INFO HostContext] Well known directory 'Work': 'C:\Users\LENOVO\Desktop\Internship\Task 6\actions-runner\_work'
[2025-08-12 07:50:12Z INFO JobExtension] Start checking service connectivity in background.
[2025-08-12 07:50:12Z INFO ExecutionContext] Publish step telemetry for current step {
  "action": "setup_job",
  "type": "runner",
  "stage": "Pre",
  "stepId": "d76a0365-23ce-49ea-a4f5-7420b8959cd1",
  "result": "succeeded",
  "errorMessages": [],
  "executionTimeInSeconds": 1,
  "startTime": "2025-08-12T07:50:12.6492792Z",
  "finishTime": "2025-08-12T07:50:12.7094932Z"
}.
[2025-08-12 07:50:12Z INFO JobRunner] Total job steps: 1.
[2025-08-12 07:50:12Z INFO JobRunner] Run all job steps.
[2025-08-12 07:50:12Z INFO StepsRunner] Processing step: DisplayName='🚀 Deploy to Minikube'
[2025-08-12 07:50:12Z INFO StepsRunner] Evaluating: success()
[2025-08-12 07:50:12Z INFO StepsRunner] Result: true
[2025-08-12 07:50:12Z INFO StepsRunner] Starting the step.
[2025-08-12 07:50:12Z INFO HostContext] Well known directory 'Bin': 'C:\Users\LENOVO\Desktop\Internship\Task 6\actions-runner\bin'
[2025-08-12 07:50:12Z INFO HostContext] Well known directory 'Root': 'C:\Users\LENOVO\Desktop\Internship\Task 6\actions-runner'
[2025-08-12 07:50:12Z INFO HostContext] Well known directory 'Work': 'C:\Users\LENOVO\Desktop\Internship\Task 6\actions-runner\_work'
[2025-08-12 07:50:12Z INFO StepsRunner] Which2: 'chcp'
[2025-08-12 07:50:12Z INFO StepsRunner] Location: 'C:\WINDOWS\system32\chcp.COM'
[2025-08-12 07:50:12Z INFO ProcessInvokerWrapper] Starting process:
[2025-08-12 07:50:12Z INFO ProcessInvokerWrapper]   File name: 'C:\WINDOWS\system32\chcp.COM'
[2025-08-12 07:50:12Z INFO ProcessInvokerWrapper]   Arguments: '65001'
[2025-08-12 07:50:12Z INFO ProcessInvokerWrapper]   Working directory: 'C:\Users\LENOVO\Desktop\Internship\Task 6\actions-runner\_work'
[2025-08-12 07:50:12Z INFO ProcessInvokerWrapper]   Require exit code zero: 'False'
[2025-08-12 07:50:12Z INFO ProcessInvokerWrapper]   Encoding web name:  ; code page: ''
[2025-08-12 07:50:12Z INFO ProcessInvokerWrapper]   Force kill process on cancellation: 'False'
[2025-08-12 07:50:12Z INFO ProcessInvokerWrapper]   Redirected STDIN: 'False'
[2025-08-12 07:50:12Z INFO ProcessInvokerWrapper]   Persist current code page: 'True'
[2025-08-12 07:50:12Z INFO ProcessInvokerWrapper]   Keep redirected STDIN open: 'False'
[2025-08-12 07:50:12Z INFO ProcessInvokerWrapper]   High priority process: 'False'
[2025-08-12 07:50:12Z INFO ProcessInvokerWrapper] Process started with process id 21644, waiting for process exit.
[2025-08-12 07:50:12Z INFO Worker] Listening for cancel message from the channel.
[2025-08-12 07:50:12Z INFO Worker] Waiting for the job to complete or for a cancel message from the channel.
[2025-08-12 07:50:12Z INFO ProcessInvokerWrapper] STDOUT/STDERR stream read finished.
[2025-08-12 07:50:12Z INFO ProcessInvokerWrapper] STDOUT/STDERR stream read finished.
[2025-08-12 07:50:12Z INFO ProcessInvokerWrapper] Finished process 21644 with exit code 0, and elapsed time 00:00:00.0139326.
[2025-08-12 07:50:12Z INFO StepsRunner] Successfully returned to code page 65001 (UTF8)
[2025-08-12 07:50:12Z INFO HostContext] Well known directory 'Bin': 'C:\Users\LENOVO\Desktop\Internship\Task 6\actions-runner\bin'
[2025-08-12 07:50:12Z INFO HostContext] Well known directory 'Root': 'C:\Users\LENOVO\Desktop\Internship\Task 6\actions-runner'
[2025-08-12 07:50:12Z INFO HostContext] Well known directory 'Work': 'C:\Users\LENOVO\Desktop\Internship\Task 6\actions-runner\_work'
[2025-08-12 07:50:12Z INFO HostContext] Well known directory 'Temp': 'C:\Users\LENOVO\Desktop\Internship\Task 6\actions-runner\_work\_temp'
[2025-08-12 07:50:12Z INFO ExecutionContext] Write event payload to C:\Users\LENOVO\Desktop\Internship\Task 6\actions-runner\_work\_temp\_github_workflow\event.json
[2025-08-12 07:50:12Z INFO HostContext] Well known directory 'Bin': 'C:\Users\LENOVO\Desktop\Internship\Task 6\actions-runner\bin'
[2025-08-12 07:50:12Z INFO HostContext] Well known directory 'Root': 'C:\Users\LENOVO\Desktop\Internship\Task 6\actions-runner'
[2025-08-12 07:50:12Z INFO HostContext] Well known directory 'Work': 'C:\Users\LENOVO\Desktop\Internship\Task 6\actions-runner\_work'
[2025-08-12 07:50:12Z INFO HostContext] Well known directory 'Temp': 'C:\Users\LENOVO\Desktop\Internship\Task 6\actions-runner\_work\_temp'
[2025-08-12 07:50:12Z INFO ExtensionManager] Getting extensions for interface: 'GitHub.Runner.Worker.IFileCommandExtension'
[2025-08-12 07:50:12Z INFO ExtensionManager] Creating instance: GitHub.Runner.Worker.AddPathFileCommand, Runner.Worker
[2025-08-12 07:50:12Z INFO ExtensionManager] Creating instance: GitHub.Runner.Worker.SetEnvFileCommand, Runner.Worker
[2025-08-12 07:50:12Z INFO ExtensionManager] Creating instance: GitHub.Runner.Worker.CreateStepSummaryCommand, Runner.Worker
[2025-08-12 07:50:12Z INFO ExtensionManager] Creating instance: GitHub.Runner.Worker.SaveStateFileCommand, Runner.Worker
[2025-08-12 07:50:12Z INFO ExtensionManager] Creating instance: GitHub.Runner.Worker.SetOutputFileCommand, Runner.Worker
[2025-08-12 07:50:12Z INFO ExtensionManager] Getting extensions for interface: 'GitHub.Runner.Worker.IActionCommandExtension'
[2025-08-12 07:50:12Z INFO ExtensionManager] Creating instance: GitHub.Runner.Worker.InternalPluginSetRepoPathCommandExtension, Runner.Worker
[2025-08-12 07:50:12Z INFO ExtensionManager] Creating instance: GitHub.Runner.Worker.SetEnvCommandExtension, Runner.Worker
[2025-08-12 07:50:12Z INFO ExtensionManager] Creating instance: GitHub.Runner.Worker.SetOutputCommandExtension, Runner.Worker
[2025-08-12 07:50:12Z INFO ExtensionManager] Creating instance: GitHub.Runner.Worker.SaveStateCommandExtension, Runner.Worker
[2025-08-12 07:50:12Z INFO ExtensionManager] Creating instance: GitHub.Runner.Worker.AddPathCommandExtension, Runner.Worker
[2025-08-12 07:50:12Z INFO ExtensionManager] Creating instance: GitHub.Runner.Worker.AddMaskCommandExtension, Runner.Worker
[2025-08-12 07:50:12Z INFO ExtensionManager] Creating instance: GitHub.Runner.Worker.AddMatcherCommandExtension, Runner.Worker
[2025-08-12 07:50:12Z INFO ExtensionManager] Creating instance: GitHub.Runner.Worker.RemoveMatcherCommandExtension, Runner.Worker
[2025-08-12 07:50:12Z INFO ExtensionManager] Creating instance: GitHub.Runner.Worker.WarningCommandExtension, Runner.Worker
[2025-08-12 07:50:12Z INFO ExtensionManager] Creating instance: GitHub.Runner.Worker.ErrorCommandExtension, Runner.Worker
[2025-08-12 07:50:12Z INFO ExtensionManager] Creating instance: GitHub.Runner.Worker.NoticeCommandExtension, Runner.Worker
[2025-08-12 07:50:12Z INFO ExtensionManager] Creating instance: GitHub.Runner.Worker.DebugCommandExtension, Runner.Worker
[2025-08-12 07:50:12Z INFO ExtensionManager] Creating instance: GitHub.Runner.Worker.GroupCommandExtension, Runner.Worker
[2025-08-12 07:50:12Z INFO ExtensionManager] Creating instance: GitHub.Runner.Worker.EndGroupCommandExtension, Runner.Worker
[2025-08-12 07:50:12Z INFO ExtensionManager] Creating instance: GitHub.Runner.Worker.EchoCommandExtension, Runner.Worker
[2025-08-12 07:50:12Z INFO ActionCommandManager] Register action command extension for command internal-set-repo-path
[2025-08-12 07:50:12Z INFO ActionCommandManager] Register action command extension for command set-env
[2025-08-12 07:50:12Z INFO ActionCommandManager] Register action command extension for command set-output
[2025-08-12 07:50:12Z INFO ActionCommandManager] Register action command extension for command save-state
[2025-08-12 07:50:12Z INFO ActionCommandManager] Register action command extension for command add-path
[2025-08-12 07:50:12Z INFO ActionCommandManager] Register action command extension for command add-mask
[2025-08-12 07:50:12Z INFO ActionCommandManager] Register action command extension for command add-matcher
[2025-08-12 07:50:12Z INFO ActionCommandManager] Register action command extension for command remove-matcher
[2025-08-12 07:50:12Z INFO ActionCommandManager] Register action command extension for command warning
[2025-08-12 07:50:12Z INFO ActionCommandManager] Register action command extension for command error
[2025-08-12 07:50:12Z INFO ActionCommandManager] Register action command extension for command notice
[2025-08-12 07:50:12Z INFO ActionCommandManager] Register action command extension for command debug
[2025-08-12 07:50:12Z INFO ActionCommandManager] Register action command extension for command group
[2025-08-12 07:50:12Z INFO ActionCommandManager] Register action command extension for command endgroup
[2025-08-12 07:50:12Z INFO ActionCommandManager] Register action command extension for command echo
[2025-08-12 07:50:12Z INFO ScriptHandler] Which2: 'pwsh'
[2025-08-12 07:50:12Z INFO ScriptHandler] pwsh: command not found. Make sure 'pwsh' is installed and its location included in the 'Path' environment variable.
[2025-08-12 07:50:12Z INFO ScriptHandler] Defaulting to powershell
[2025-08-12 07:50:12Z INFO ScriptHandler] Which2: 'powershell'
[2025-08-12 07:50:12Z INFO ScriptHandler] Location: 'C:\WINDOWS\System32\WindowsPowerShell\v1.0\powershell.EXE'
[2025-08-12 07:50:12Z INFO HostContext] Well known directory 'Bin': 'C:\Users\LENOVO\Desktop\Internship\Task 6\actions-runner\bin'
[2025-08-12 07:50:12Z INFO HostContext] Well known directory 'Root': 'C:\Users\LENOVO\Desktop\Internship\Task 6\actions-runner'
[2025-08-12 07:50:12Z INFO HostContext] Well known directory 'Work': 'C:\Users\LENOVO\Desktop\Internship\Task 6\actions-runner\_work'
[2025-08-12 07:50:12Z INFO HostContext] Well known directory 'Temp': 'C:\Users\LENOVO\Desktop\Internship\Task 6\actions-runner\_work\_temp'
[2025-08-12 07:50:12Z INFO ScriptHandler] Which2: 'pwsh'
[2025-08-12 07:50:12Z INFO ScriptHandler] pwsh: command not found. Make sure 'pwsh' is installed and its location included in the 'Path' environment variable.
[2025-08-12 07:50:12Z INFO ScriptHandler] Defaulting to powershell
[2025-08-12 07:50:12Z INFO ScriptHandler] Which2: 'powershell'
[2025-08-12 07:50:12Z INFO ScriptHandler] Location: 'C:\WINDOWS\System32\WindowsPowerShell\v1.0\powershell.EXE'
[2025-08-12 07:50:12Z INFO ProcessInvokerWrapper] Starting process:
[2025-08-12 07:50:12Z INFO ProcessInvokerWrapper]   File name: 'C:\WINDOWS\System32\WindowsPowerShell\v1.0\powershell.EXE'
[2025-08-12 07:50:12Z INFO ProcessInvokerWrapper]   Arguments: '-command ". 'C:\Users\LENOVO\Desktop\Internship\Task 6\actions-runner\_work\_temp\e074ee0f-33a2-477e-9d03-5e9a73670630.ps1'"'
[2025-08-12 07:50:12Z INFO ProcessInvokerWrapper]   Working directory: 'C:\Users\LENOVO\Desktop\Internship\Task 6\actions-runner\_work\ci-cd-testing\ci-cd-testing'
[2025-08-12 07:50:12Z INFO ProcessInvokerWrapper]   Require exit code zero: 'False'
[2025-08-12 07:50:12Z INFO ProcessInvokerWrapper]   Encoding web name:  ; code page: ''
[2025-08-12 07:50:12Z INFO ProcessInvokerWrapper]   Force kill process on cancellation: 'False'
[2025-08-12 07:50:12Z INFO ProcessInvokerWrapper]   Redirected STDIN: 'False'
[2025-08-12 07:50:12Z INFO ProcessInvokerWrapper]   Persist current code page: 'True'
[2025-08-12 07:50:12Z INFO ProcessInvokerWrapper]   Keep redirected STDIN open: 'False'
[2025-08-12 07:50:12Z INFO ProcessInvokerWrapper]   High priority process: 'False'
[2025-08-12 07:50:12Z INFO ProcessInvokerWrapper] Process started with process id 16916, waiting for process exit.
[2025-08-12 07:50:13Z INFO ProcessInvokerWrapper] STDOUT/STDERR stream read finished.
[2025-08-12 07:50:13Z INFO ProcessInvokerWrapper] STDOUT/STDERR stream read finished.
[2025-08-12 07:50:13Z INFO ProcessInvokerWrapper] Finished process 16916 with exit code 0, and elapsed time 00:00:00.4050611.
[2025-08-12 07:50:13Z INFO CreateStepSummaryCommand] Step Summary file (C:\Users\LENOVO\Desktop\Internship\Task 6\actions-runner\_work\_temp\_runner_file_commands\step_summary_41e41e59-3bf7-44f3-aa49-eff7cece0f74) is empty; skipping attachment upload
[2025-08-12 07:50:13Z INFO StepsRunner] Step result: 
[2025-08-12 07:50:13Z INFO ExecutionContext] Publish step telemetry for current step {
  "action": "powershell",
  "type": "run",
  "stage": "Main",
  "stepId": "7ccd47c8-d302-4870-8d7f-5c91c186bd48",
  "stepContextName": "__run",
  "result": "succeeded",
  "errorMessages": [],
  "executionTimeInSeconds": 1,
  "startTime": "2025-08-12T07:50:12.7219623Z",
  "finishTime": "2025-08-12T07:50:13.2183167Z"
}.
[2025-08-12 07:50:13Z INFO StepsRunner] No need for updating job result with current step result 'Succeeded'.
[2025-08-12 07:50:13Z INFO StepsRunner] Current state: job state = ''
[2025-08-12 07:50:13Z INFO JobRunner] Finalize job.
[2025-08-12 07:50:13Z INFO HostContext] Well known directory 'Bin': 'C:\Users\LENOVO\Desktop\Internship\Task 6\actions-runner\bin'
[2025-08-12 07:50:13Z INFO HostContext] Well known directory 'Root': 'C:\Users\LENOVO\Desktop\Internship\Task 6\actions-runner'
[2025-08-12 07:50:13Z INFO HostContext] Well known directory 'Diag': 'C:\Users\LENOVO\Desktop\Internship\Task 6\actions-runner\_diag'
[2025-08-12 07:50:13Z INFO HostContext] Well known directory 'Bin': 'C:\Users\LENOVO\Desktop\Internship\Task 6\actions-runner\bin'
[2025-08-12 07:50:13Z INFO HostContext] Well known directory 'Root': 'C:\Users\LENOVO\Desktop\Internship\Task 6\actions-runner'
[2025-08-12 07:50:13Z INFO HostContext] Well known directory 'Diag': 'C:\Users\LENOVO\Desktop\Internship\Task 6\actions-runner\_diag'
[2025-08-12 07:50:13Z INFO JobExtension] Initialize Env context
[2025-08-12 07:50:13Z INFO JobExtension] Initialize steps context
[2025-08-12 07:50:13Z INFO JobExtension] Total accessible running process: 343.
[2025-08-12 07:50:13Z INFO ExecutionContext] Publish step telemetry for current step {
  "action": "complete_job",
  "type": "runner",
  "stage": "Post",
  "stepId": "c042a8f9-7c63-437e-947f-3033b59f85c5",
  "result": "succeeded",
  "errorMessages": [],
  "executionTimeInSeconds": 1,
  "startTime": "2025-08-12T07:50:13.2259104Z",
  "finishTime": "2025-08-12T07:50:13.2490693Z"
}.
[2025-08-12 07:50:13Z INFO JobRunner] Job result after all job steps finish: Succeeded
[2025-08-12 07:50:13Z INFO JobRunner] Completing the job execution context.
[2025-08-12 07:50:13Z INFO JobRunner] Shutting down the job server queue.
[2025-08-12 07:50:13Z INFO JobServerQueue] Fire signal to shutdown all queues.
[2025-08-12 07:50:13Z INFO ResultServer] Successfully started websocket client.
[2025-08-12 07:50:13Z INFO JobServerQueue] Try to append 1 batches web console lines for record 'd76a0365-23ce-49ea-a4f5-7420b8959cd1', success rate: 1/1.
[2025-08-12 07:50:13Z INFO JobServerQueue] Try to append 1 batches web console lines for record '7ccd47c8-d302-4870-8d7f-5c91c186bd48', success rate: 1/1.
[2025-08-12 07:50:13Z INFO JobServerQueue] Job timeline record has been updated for the first time.
[2025-08-12 07:50:14Z INFO JobServerQueue] All queue process task stopped.
[2025-08-12 07:50:14Z INFO JobServerQueue] Try to append 1 batches web console lines for record 'c042a8f9-7c63-437e-947f-3033b59f85c5', success rate: 1/1.
[2025-08-12 07:50:14Z INFO JobServerQueue] Web console line queue drained.
[2025-08-12 07:50:14Z INFO JobServerQueue] Uploading 4 files in one shot.
[2025-08-12 07:50:14Z INFO JobServerQueue] Try to upload 4 log files or attachments, success rate: 4/4.
[2025-08-12 07:50:14Z INFO JobServerQueue] File upload queue drained.
[2025-08-12 07:50:14Z INFO JobServerQueue] Starting results-based upload queue...
[2025-08-12 07:50:14Z INFO JobServerQueue] Uploading 4 file(s) in one shot through results service.
[2025-08-12 07:50:14Z INFO JobServerQueue] Got a step log file to send to results service.
[2025-08-12 07:50:14Z INFO JobServerQueue] Starting upload of step log file to results service ResultsLog, C:\Users\LENOVO\Desktop\Internship\Task 6\actions-runner\_diag\blocks\95eb5e2c-cbbd-4ecc-a6b7-4a123e406547_d76a0365-23ce-49ea-a4f5-7420b8959cd1.1
[2025-08-12 07:50:16Z INFO JobServerQueue] Got a step log file to send to results service.
[2025-08-12 07:50:16Z INFO JobServerQueue] Starting upload of step log file to results service ResultsLog, C:\Users\LENOVO\Desktop\Internship\Task 6\actions-runner\_diag\blocks\95eb5e2c-cbbd-4ecc-a6b7-4a123e406547_7ccd47c8-d302-4870-8d7f-5c91c186bd48.1
[2025-08-12 07:50:17Z INFO JobServerQueue] Got a step log file to send to results service.
[2025-08-12 07:50:17Z INFO JobServerQueue] Starting upload of step log file to results service ResultsLog, C:\Users\LENOVO\Desktop\Internship\Task 6\actions-runner\_diag\blocks\95eb5e2c-cbbd-4ecc-a6b7-4a123e406547_c042a8f9-7c63-437e-947f-3033b59f85c5.1
[2025-08-12 07:50:18Z INFO JobServerQueue] Got a job log file to send to results service.
[2025-08-12 07:50:18Z INFO JobServerQueue] Starting upload of job log file to results service ResultsLog, C:\Users\LENOVO\Desktop\Internship\Task 6\actions-runner\_diag\blocks\95eb5e2c-cbbd-4ecc-a6b7-4a123e406547_d80fde46-72cc-5b2e-a17b-2d52381e584e.1
[2025-08-12 07:50:19Z INFO JobServerQueue] Tried to upload 4 file(s) to results, success rate: 4/4.
[2025-08-12 07:50:19Z INFO JobServerQueue] Results upload queue drained.
[2025-08-12 07:50:19Z INFO JobServerQueue] Timeline update queue drained.
[2025-08-12 07:50:19Z INFO JobServerQueue] Disposing job server ...
[2025-08-12 07:50:19Z INFO JobServerQueue] Disposing results server ...
[2025-08-12 07:50:19Z INFO JobServerQueue] All queue process tasks have been stopped, and all queues are drained.
[2025-08-12 07:50:19Z INFO TempDirectoryManager] Cleaning runner temp folder: C:\Users\LENOVO\Desktop\Internship\Task 6\actions-runner\_work\_temp
[2025-08-12 07:50:19Z INFO HostContext] Well known directory 'Bin': 'C:\Users\LENOVO\Desktop\Internship\Task 6\actions-runner\bin'
[2025-08-12 07:50:19Z INFO HostContext] Well known directory 'Root': 'C:\Users\LENOVO\Desktop\Internship\Task 6\actions-runner'
[2025-08-12 07:50:19Z INFO HostContext] Well known directory 'Diag': 'C:\Users\LENOVO\Desktop\Internship\Task 6\actions-runner\_diag'
[2025-08-12 07:50:19Z INFO HostContext] Well known config file 'Telemetry': 'C:\Users\LENOVO\Desktop\Internship\Task 6\actions-runner\_diag\.telemetry'
[2025-08-12 07:50:19Z INFO JobRunner] Raising job completed against run service
[2025-08-12 07:50:22Z INFO Worker] Job completed.
